15:37:34 1
Карта списания: 1111111111111111
Карта зачисления: 2222222222222222
Сумма: 20000
Комиссия: 2
Операция прошла успешно!
15:37:34 1
Карта списания: 1111111111111111
Карта зачисления: 2222222222222222
Сумма: 20000
Комиссия: 2
Ошибка - Карты зачисления не существует!
Ошибка - Карты зачисления не существует!
Ошибка - Данные карты списания не верны!
Ошибка - Карты списания не существует!
Ошибка - Данные карты списания не верны!
Ошибка - Недостаточно средств на карте списания
Ошибка - Недостаточно средств на карте списания
15:37:34 1
Карта списания: 1111111111111111
Карта зачисления: 2222222222222222
Сумма: 20000
Комиссия: 2
Операция прошла успешно!
15:37:34 1
Карта списания: 1111111111111111
Карта зачисления: 2222222222222222
Сумма: 20000
Комиссия: 2
Ошибка - Карты списания не существует!
Ошибка - Операция невозможна из-за карты 2222222222222222
16:13:57 1
Карта списания: 1111111111111111
Карта зачисления: 2222222222222222
Сумма: 20000
Комиссия: 2
Операция прошла успешно!
16:13:57 1
Карта списания: 1111111111111111
Карта зачисления: 2222222222222222
Сумма: 20000
Комиссия: 2
Ошибка - Карты зачисления не существует!
Ошибка - Карты зачисления не существует!
Ошибка - Данные карты списания не верны!
Ошибка - Карты списания не существует!
Ошибка - Данные карты списания не верны!
Ошибка - Недостаточно средств на карте списания
Ошибка - Недостаточно средств на карте списания
16:13:57 1
Карта списания: 1111111111111111
Карта зачисления: 2222222222222222
Сумма: 20000
Комиссия: 2
Операция прошла успешно!
16:13:58 1
Карта списания: 1111111111111111
Карта зачисления: 2222222222222222
Сумма: 20000
Комиссия: 2
Ошибка - Карты списания не существует!
Ошибка - Операция невозможна из-за карты 2222222222222222
17:11:06 5
РљР°СЂС‚Р° СЃРїРёСЃР°РЅРёСЏ: 1111111111111111
РљР°СЂС‚Р° Р·Р°С‡РёСЃР»РµРЅРёСЏ: 2222222222222222
РЎСѓРјРјР°: 10000
РљРѕРјРёСЃСЃРёСЏ: 1
РћРїРµСЂР°С†РёСЏ РїСЂРѕС€Р»Р° СѓСЃРїРµС€РЅРѕ!
17:20:30 1
Карта списания: 1111111111111111
Карта зачисления: 2222222222222222
Сумма: 20000
Комиссия: 2
Операция прошла успешно!
17:20:31 1
Карта списания: 1111111111111111
Карта зачисления: 2222222222222222
Сумма: 20000
Комиссия: 2
Ошибка - Карты зачисления не существует!
Ошибка - Карты зачисления не существует!
Ошибка - Данные карты списания не верны!
Ошибка - Карты списания не существует!
Ошибка - Данные карты списания не верны!
Ошибка - Недостаточно средств на карте списания
Ошибка - Недостаточно средств на карте списания
17:20:31 1
Карта списания: 1111111111111111
Карта зачисления: 2222222222222222
Сумма: 20000
Комиссия: 2
Операция прошла успешно!
17:20:31 1
Карта списания: 1111111111111111
Карта зачисления: 2222222222222222
Сумма: 20000
Комиссия: 2
Ошибка - Карты списания не существует!
Ошибка - Операция невозможна из-за карты 2222222222222222
17:21:12 1
Карта списания: 1111111111111111
Карта зачисления: 2222222222222222
Сумма: 20000
Комиссия: 2
Операция прошла успешно!
17:21:12 1
Карта списания: 1111111111111111
Карта зачисления: 2222222222222222
Сумма: 20000
Комиссия: 2
Ошибка - Карты зачисления не существует!
Ошибка - Карты зачисления не существует!
Ошибка - Данные карты списания не верны!
Ошибка - Карты списания не существует!
Ошибка - Данные карты списания не верны!
Ошибка - Недостаточно средств на карте списания
Ошибка - Недостаточно средств на карте списания
17:21:12 1
Карта списания: 1111111111111111
Карта зачисления: 2222222222222222
Сумма: 20000
Комиссия: 2
Операция прошла успешно!
17:21:12 1
Карта списания: 1111111111111111
Карта зачисления: 2222222222222222
Сумма: 20000
Комиссия: 2
Ошибка - Карты списания не существует!
Ошибка - Операция невозможна из-за карты 2222222222222222
08:50:32 5
РљР°СЂС‚Р° СЃРїРёСЃР°РЅРёСЏ: 1111111111111111
РљР°СЂС‚Р° Р·Р°С‡РёСЃР»РµРЅРёСЏ: 2222222222222222
РЎСѓРјРјР°: 10000
РљРѕРјРёСЃСЃРёСЏ: 1
08:54:31 5
РљР°СЂС‚Р° СЃРїРёСЃР°РЅРёСЏ: 1111111111111111
РљР°СЂС‚Р° Р·Р°С‡РёСЃР»РµРЅРёСЏ: 2222222222222222
РЎСѓРјРјР°: 10000
РљРѕРјРёСЃСЃРёСЏ: 1
09:06:03 5
РљР°СЂС‚Р° СЃРїРёСЃР°РЅРёСЏ: 1111111111111111
РљР°СЂС‚Р° Р·Р°С‡РёСЃР»РµРЅРёСЏ: 2222222222222222
РЎСѓРјРјР°: 10000
РљРѕРјРёСЃСЃРёСЏ: 1
09:12:19 5
РљР°СЂС‚Р° СЃРїРёСЃР°РЅРёСЏ: 1111111111111111
РљР°СЂС‚Р° Р·Р°С‡РёСЃР»РµРЅРёСЏ: 2222222222222222
РЎСѓРјРјР°: 10000
РљРѕРјРёСЃСЃРёСЏ: 1
09:19:18 5
РљР°СЂС‚Р° СЃРїРёСЃР°РЅРёСЏ: 1111111111111111
РљР°СЂС‚Р° Р·Р°С‡РёСЃР»РµРЅРёСЏ: 2222222222222222
РЎСѓРјРјР°: 10000
РљРѕРјРёСЃСЃРёСЏ: 1
09:20:52 5
РљР°СЂС‚Р° СЃРїРёСЃР°РЅРёСЏ: 1111111111111111
РљР°СЂС‚Р° Р·Р°С‡РёСЃР»РµРЅРёСЏ: 2222222222222222
РЎСѓРјРјР°: 10000
РљРѕРјРёСЃСЃРёСЏ: 1
09:23:16 5
РљР°СЂС‚Р° СЃРїРёСЃР°РЅРёСЏ: 1111111111111111
РљР°СЂС‚Р° Р·Р°С‡РёСЃР»РµРЅРёСЏ: 2222222222222222
РЎСѓРјРјР°: 100000
РљРѕРјРёСЃСЃРёСЏ: 10
09:25:07 5
РљР°СЂС‚Р° СЃРїРёСЃР°РЅРёСЏ: 1111111111111111
РљР°СЂС‚Р° Р·Р°С‡РёСЃР»РµРЅРёСЏ: 2222222222222222
РЎСѓРјРјР°: 10000
РљРѕРјРёСЃСЃРёСЏ: 1
09:26:31 5
РљР°СЂС‚Р° СЃРїРёСЃР°РЅРёСЏ: 1111111111111111
РљР°СЂС‚Р° Р·Р°С‡РёСЃР»РµРЅРёСЏ: 2222222222222222
РЎСѓРјРјР°: 10000
РљРѕРјРёСЃСЃРёСЏ: 1
09:37:03 5
РљР°СЂС‚Р° СЃРїРёСЃР°РЅРёСЏ: 1111111111111111
РљР°СЂС‚Р° Р·Р°С‡РёСЃР»РµРЅРёСЏ: 2222222222222222
РЎСѓРјРјР°: 10000
РљРѕРјРёСЃСЃРёСЏ: 1
10:26:43 5
РљР°СЂС‚Р° СЃРїРёСЃР°РЅРёСЏ: 1111111111111111
РљР°СЂС‚Р° Р·Р°С‡РёСЃР»РµРЅРёСЏ: 2222222222222222
РЎСѓРјРјР°: 10000
РљРѕРјРёСЃСЃРёСЏ: 1
10:27:01 5
РљР°СЂС‚Р° СЃРїРёСЃР°РЅРёСЏ: 1111111111111112
РљР°СЂС‚Р° Р·Р°С‡РёСЃР»РµРЅРёСЏ: 2222222222222222
РЎСѓРјРјР°: 10000
РљРѕРјРёСЃСЃРёСЏ: 1
РћС€РёР±РєР° - РљР°СЂС‚С‹ СЃРїРёСЃР°РЅРёСЏ РЅРµ СЃСѓС‰РµСЃС‚РІСѓРµС‚!
10:30:17 5
РљР°СЂС‚Р° СЃРїРёСЃР°РЅРёСЏ: 1111111111111111
РљР°СЂС‚Р° Р·Р°С‡РёСЃР»РµРЅРёСЏ: 2222222222222222
РЎСѓРјРјР°: 10000
РљРѕРјРёСЃСЃРёСЏ: 1
10:30:35 5
РљР°СЂС‚Р° СЃРїРёСЃР°РЅРёСЏ: 1111111111111112
РљР°СЂС‚Р° Р·Р°С‡РёСЃР»РµРЅРёСЏ: 2222222222222222
РЎСѓРјРјР°: 10000
РљРѕРјРёСЃСЃРёСЏ: 1
РћС€РёР±РєР° - РљР°СЂС‚С‹ СЃРїРёСЃР°РЅРёСЏ РЅРµ СЃСѓС‰РµСЃС‚РІСѓРµС‚!
10:32:45 5
РљР°СЂС‚Р° СЃРїРёСЃР°РЅРёСЏ: 1111111111111111
РљР°СЂС‚Р° Р·Р°С‡РёСЃР»РµРЅРёСЏ: 2222222222222222
РЎСѓРјРјР°: 10000
РљРѕРјРёСЃСЃРёСЏ: 1
10:32:56 5
РљР°СЂС‚Р° СЃРїРёСЃР°РЅРёСЏ: 1111111111111112
РљР°СЂС‚Р° Р·Р°С‡РёСЃР»РµРЅРёСЏ: 2222222222222222
РЎСѓРјРјР°: 10000
РљРѕРјРёСЃСЃРёСЏ: 1
РћС€РёР±РєР° - РљР°СЂС‚С‹ СЃРїРёСЃР°РЅРёСЏ РЅРµ СЃСѓС‰РµСЃС‚РІСѓРµС‚!
10:33:49 5
РљР°СЂС‚Р° СЃРїРёСЃР°РЅРёСЏ: 1111111111111111
РљР°СЂС‚Р° Р·Р°С‡РёСЃР»РµРЅРёСЏ: 2222222222222221
РЎСѓРјРјР°: 10000
РљРѕРјРёСЃСЃРёСЏ: 1
РћС€РёР±РєР° - РљР°СЂС‚С‹ Р·Р°С‡РёСЃР»РµРЅРёСЏ РЅРµ СЃСѓС‰РµСЃС‚РІСѓРµС‚!
10:34:10 5
РљР°СЂС‚Р° СЃРїРёСЃР°РЅРёСЏ: 1111111111111111
РљР°СЂС‚Р° Р·Р°С‡РёСЃР»РµРЅРёСЏ: 2222222222222222
РЎСѓРјРјР°: 10000
РљРѕРјРёСЃСЃРёСЏ: 1
РћС€РёР±РєР° - Р”Р°РЅРЅС‹Рµ РєР°СЂС‚С‹ СЃРїРёСЃР°РЅРёСЏ РЅРµ РІРµСЂРЅС‹!
10:34:47 5
РљР°СЂС‚Р° СЃРїРёСЃР°РЅРёСЏ: 1111111111111111
РљР°СЂС‚Р° Р·Р°С‡РёСЃР»РµРЅРёСЏ: 2222222222222222
РЎСѓРјРјР°: 10000
РљРѕРјРёСЃСЃРёСЏ: 1
РћС€РёР±РєР° - Р”Р°РЅРЅС‹Рµ РєР°СЂС‚С‹ СЃРїРёСЃР°РЅРёСЏ РЅРµ РІРµСЂРЅС‹!
11:05:39 5
РљР°СЂС‚Р° СЃРїРёСЃР°РЅРёСЏ: 1111111111111111
РљР°СЂС‚Р° Р·Р°С‡РёСЃР»РµРЅРёСЏ: 2222222222222222
РЎСѓРјРјР°: 100
РљРѕРјРёСЃСЃРёСЏ: 1
РћС€РёР±РєР° - Р”Р°РЅРЅС‹Рµ РєР°СЂС‚С‹ СЃРїРёСЃР°РЅРёСЏ РЅРµ РІРµСЂРЅС‹!
11:06:09 5
РљР°СЂС‚Р° СЃРїРёСЃР°РЅРёСЏ: 1111111111111111
РљР°СЂС‚Р° Р·Р°С‡РёСЃР»РµРЅРёСЏ: 2222222222222222
РЎСѓРјРјР°: 100
РљРѕРјРёСЃСЃРёСЏ: 1
11:07:33 5
РљР°СЂС‚Р° СЃРїРёСЃР°РЅРёСЏ: 1111111111111111
РљР°СЂС‚Р° Р·Р°С‡РёСЃР»РµРЅРёСЏ: 2222222222222222
РЎСѓРјРјР°: 100
РљРѕРјРёСЃСЃРёСЏ: 1
11:09:00 5
РљР°СЂС‚Р° СЃРїРёСЃР°РЅРёСЏ: 1111111111111111
РљР°СЂС‚Р° Р·Р°С‡РёСЃР»РµРЅРёСЏ: 2222222222222222
РЎСѓРјРјР°: 100
РљРѕРјРёСЃСЃРёСЏ: 1
11:11:49 5
РљР°СЂС‚Р° СЃРїРёСЃР°РЅРёСЏ: 1111111111111111
РљР°СЂС‚Р° Р·Р°С‡РёСЃР»РµРЅРёСЏ: 2222222222222222
РЎСѓРјРјР°: 100
РљРѕРјРёСЃСЃРёСЏ: 1
11:13:32 5
РљР°СЂС‚Р° СЃРїРёСЃР°РЅРёСЏ: 1111111111111111
РљР°СЂС‚Р° Р·Р°С‡РёСЃР»РµРЅРёСЏ: 2222222222222222
РЎСѓРјРјР°: 100
РљРѕРјРёСЃСЃРёСЏ: 1
11:15:56 5
РљР°СЂС‚Р° СЃРїРёСЃР°РЅРёСЏ: 1111111111111111
РљР°СЂС‚Р° Р·Р°С‡РёСЃР»РµРЅРёСЏ: 2222222222222222
РЎСѓРјРјР°: 100
РљРѕРјРёСЃСЃРёСЏ: 1
11:19:35 5
РљР°СЂС‚Р° СЃРїРёСЃР°РЅРёСЏ: 1111111111111111
РљР°СЂС‚Р° Р·Р°С‡РёСЃР»РµРЅРёСЏ: 2222222222222222
РЎСѓРјРјР°: 100
РљРѕРјРёСЃСЃРёСЏ: 1
11:21:51 5
РљР°СЂС‚Р° СЃРїРёСЃР°РЅРёСЏ: 1111111111111111
РљР°СЂС‚Р° Р·Р°С‡РёСЃР»РµРЅРёСЏ: 2222222222222222
РЎСѓРјРјР°: 1000
РљРѕРјРёСЃСЃРёСЏ: 10
11:56:07 5
РљР°СЂС‚Р° СЃРїРёСЃР°РЅРёСЏ: 1111111111111111
РљР°СЂС‚Р° Р·Р°С‡РёСЃР»РµРЅРёСЏ: 2222222222222222
РЎСѓРјРјР°: 200
РљРѕРјРёСЃСЃРёСЏ: 2
РћРїРµСЂР°С†РёСЏ Р·Р°Р±Р»РѕРєРёСЂРѕРІР°РЅР°!
11:56:07 5
РљР°СЂС‚Р° СЃРїРёСЃР°РЅРёСЏ: 1111111111111111
РљР°СЂС‚Р° Р·Р°С‡РёСЃР»РµРЅРёСЏ: 2222222222222222
РЎСѓРјРјР°: 200
РљРѕРјРёСЃСЃРёСЏ: 2
РћС€РёР±РєР° - РљР°СЂС‚С‹ Р·Р°С‡РёСЃР»РµРЅРёСЏ РЅРµ СЃСѓС‰РµСЃС‚РІСѓРµС‚!
РћС€РёР±РєР° - РљР°СЂС‚С‹ Р·Р°С‡РёСЃР»РµРЅРёСЏ РЅРµ СЃСѓС‰РµСЃС‚РІСѓРµС‚!
РћС€РёР±РєР° - Р”Р°РЅРЅС‹Рµ РєР°СЂС‚С‹ СЃРїРёСЃР°РЅРёСЏ РЅРµ РІРµСЂРЅС‹!
РћС€РёР±РєР° - РљР°СЂС‚С‹ СЃРїРёСЃР°РЅРёСЏ РЅРµ СЃСѓС‰РµСЃС‚РІСѓРµС‚!
РћС€РёР±РєР° - Р”Р°РЅРЅС‹Рµ РєР°СЂС‚С‹ СЃРїРёСЃР°РЅРёСЏ РЅРµ РІРµСЂРЅС‹!
РћС€РёР±РєР° - РќРµРґРѕСЃС‚Р°С‚РѕС‡РЅРѕ СЃСЂРµРґСЃС‚РІ РЅР° РєР°СЂС‚Рµ СЃРїРёСЃР°РЅРёСЏ
РћС€РёР±РєР° - РќРµРґРѕСЃС‚Р°С‚РѕС‡РЅРѕ СЃСЂРµРґСЃС‚РІ РЅР° РєР°СЂС‚Рµ СЃРїРёСЃР°РЅРёСЏ
11:56:07 5
РљР°СЂС‚Р° СЃРїРёСЃР°РЅРёСЏ: 1111111111111111
РљР°СЂС‚Р° Р·Р°С‡РёСЃР»РµРЅРёСЏ: 2222222222222222
РЎСѓРјРјР°: 200
РљРѕРјРёСЃСЃРёСЏ: 2
РћРїРµСЂР°С†РёСЏ Р·Р°Р±Р»РѕРєРёСЂРѕРІР°РЅР°!
11:56:07 5
РљР°СЂС‚Р° СЃРїРёСЃР°РЅРёСЏ: 1111111111111111
РљР°СЂС‚Р° Р·Р°С‡РёСЃР»РµРЅРёСЏ: 2222222222222222
РЎСѓРјРјР°: 200
РљРѕРјРёСЃСЃРёСЏ: 2
РћС€РёР±РєР° - РљР°СЂС‚С‹ СЃРїРёСЃР°РЅРёСЏ РЅРµ СЃСѓС‰РµСЃС‚РІСѓРµС‚!
РћС€РёР±РєР° - РћРїРµСЂР°С†РёСЏ РЅРµРІРѕР·РјРѕР¶РЅР° РёР·-Р·Р° РєР°СЂС‚С‹ 2222222222222222
12:04:07 5
РљР°СЂС‚Р° СЃРїРёСЃР°РЅРёСЏ: 1111111111111111
РљР°СЂС‚Р° Р·Р°С‡РёСЃР»РµРЅРёСЏ: 2222222222222222
РЎСѓРјРјР°: 200
РљРѕРјРёСЃСЃРёСЏ: 2
РћРїРµСЂР°С†РёСЏ Р·Р°Р±Р»РѕРєРёСЂРѕРІР°РЅР°!
12:06:40 5
РљР°СЂС‚Р° СЃРїРёСЃР°РЅРёСЏ: 1111111111111111
РљР°СЂС‚Р° Р·Р°С‡РёСЃР»РµРЅРёСЏ: 2222222222222222
РЎСѓРјРјР°: 200
РљРѕРјРёСЃСЃРёСЏ: 2
РћРїРµСЂР°С†РёСЏ Р·Р°Р±Р»РѕРєРёСЂРѕРІР°РЅР°!
12:16:40 5
РљР°СЂС‚Р° СЃРїРёСЃР°РЅРёСЏ: 1111111111111111
РљР°СЂС‚Р° Р·Р°С‡РёСЃР»РµРЅРёСЏ: 2222222222222222
РЎСѓРјРјР°: 200
РљРѕРјРёСЃСЃРёСЏ: 2
РћРїРµСЂР°С†РёСЏ Р·Р°Р±Р»РѕРєРёСЂРѕРІР°РЅР°!
12:18:15 5
РљР°СЂС‚Р° СЃРїРёСЃР°РЅРёСЏ: 1111111111111111
РљР°СЂС‚Р° Р·Р°С‡РёСЃР»РµРЅРёСЏ: 2222222222222222
РЎСѓРјРјР°: 200
РљРѕРјРёСЃСЃРёСЏ: 2
РћРїРµСЂР°С†РёСЏ Р·Р°Р±Р»РѕРєРёСЂРѕРІР°РЅР°!
12:18:52 5
РљР°СЂС‚Р° СЃРїРёСЃР°РЅРёСЏ: 1111111111111111
РљР°СЂС‚Р° Р·Р°С‡РёСЃР»РµРЅРёСЏ: 2222222222222222
РЎСѓРјРјР°: 200
РљРѕРјРёСЃСЃРёСЏ: 2
РћРїРµСЂР°С†РёСЏ Р·Р°Р±Р»РѕРєРёСЂРѕРІР°РЅР°!
12:25:43 5
РљР°СЂС‚Р° СЃРїРёСЃР°РЅРёСЏ: 1111111111111111
РљР°СЂС‚Р° Р·Р°С‡РёСЃР»РµРЅРёСЏ: 2222222222222222
РЎСѓРјРјР°: 200
РљРѕРјРёСЃСЃРёСЏ: 2
РћРїРµСЂР°С†РёСЏ Р·Р°Р±Р»РѕРєРёСЂРѕРІР°РЅР°!
12:30:31 5
РљР°СЂС‚Р° СЃРїРёСЃР°РЅРёСЏ: 1111111111111111
РљР°СЂС‚Р° Р·Р°С‡РёСЃР»РµРЅРёСЏ: 2222222222222222
РЎСѓРјРјР°: 200
РљРѕРјРёСЃСЃРёСЏ: 2
РћРїРµСЂР°С†РёСЏ Р·Р°Р±Р»РѕРєРёСЂРѕРІР°РЅР°!
12:31:12 5
РљР°СЂС‚Р° СЃРїРёСЃР°РЅРёСЏ: 1111111111111111
РљР°СЂС‚Р° Р·Р°С‡РёСЃР»РµРЅРёСЏ: 2222222222222222
РЎСѓРјРјР°: 200
РљРѕРјРёСЃСЃРёСЏ: 2
РћРїРµСЂР°С†РёСЏ Р·Р°Р±Р»РѕРєРёСЂРѕРІР°РЅР°!
12:31:50 5
РљР°СЂС‚Р° СЃРїРёСЃР°РЅРёСЏ: 1111111111111111
РљР°СЂС‚Р° Р·Р°С‡РёСЃР»РµРЅРёСЏ: 2222222222222222
РЎСѓРјРјР°: 200
РљРѕРјРёСЃСЃРёСЏ: 2
РћРїРµСЂР°С†РёСЏ Р·Р°Р±Р»РѕРєРёСЂРѕРІР°РЅР°!
12:46:17 5
РљР°СЂС‚Р° СЃРїРёСЃР°РЅРёСЏ: 1111111111111111
РљР°СЂС‚Р° Р·Р°С‡РёСЃР»РµРЅРёСЏ: 2222222222222222
РЎСѓРјРјР°: 200
РљРѕРјРёСЃСЃРёСЏ: 2
12:52:16 5
РљР°СЂС‚Р° СЃРїРёСЃР°РЅРёСЏ: 1111111111111111
РљР°СЂС‚Р° Р·Р°С‡РёСЃР»РµРЅРёСЏ: 2222222222222222
РЎСѓРјРјР°: 200
РљРѕРјРёСЃСЃРёСЏ: 2
РћРїРµСЂР°С†РёСЏ Р·Р°Р±Р»РѕРєРёСЂРѕРІР°РЅР°!
13:00:43 5
РљР°СЂС‚Р° СЃРїРёСЃР°РЅРёСЏ: 1111111111111111
РљР°СЂС‚Р° Р·Р°С‡РёСЃР»РµРЅРёСЏ: 2222222222222222
РЎСѓРјРјР°: 200
РљРѕРјРёСЃСЃРёСЏ: 2
13:04:05 5
РљР°СЂС‚Р° СЃРїРёСЃР°РЅРёСЏ: 1111111111111111
РљР°СЂС‚Р° Р·Р°С‡РёСЃР»РµРЅРёСЏ: 2222222222222222
РЎСѓРјРјР°: 200
РљРѕРјРёСЃСЃРёСЏ: 2
РћРїРµСЂР°С†РёСЏ Р·Р°Р±Р»РѕРєРёСЂРѕРІР°РЅР°!
13:06:12 5
РљР°СЂС‚Р° СЃРїРёСЃР°РЅРёСЏ: 1111111111111111
РљР°СЂС‚Р° Р·Р°С‡РёСЃР»РµРЅРёСЏ: 2222222222222222
РЎСѓРјРјР°: 200
РљРѕРјРёСЃСЃРёСЏ: 2
РћРїРµСЂР°С†РёСЏ Р·Р°Р±Р»РѕРєРёСЂРѕРІР°РЅР°!
13:12:13 5
РљР°СЂС‚Р° СЃРїРёСЃР°РЅРёСЏ: 1111111111111111
РљР°СЂС‚Р° Р·Р°С‡РёСЃР»РµРЅРёСЏ: 2222222222222222
РЎСѓРјРјР°: 200
РљРѕРјРёСЃСЃРёСЏ: 2
РћРїРµСЂР°С†РёСЏ Р·Р°Р±Р»РѕРєРёСЂРѕРІР°РЅР°!
13:13:48 5
РљР°СЂС‚Р° СЃРїРёСЃР°РЅРёСЏ: 1111111111111111
РљР°СЂС‚Р° Р·Р°С‡РёСЃР»РµРЅРёСЏ: 2222222222222222
РЎСѓРјРјР°: 200
РљРѕРјРёСЃСЃРёСЏ: 2
РћРїРµСЂР°С†РёСЏ Р·Р°Р±Р»РѕРєРёСЂРѕРІР°РЅР°!
13:16:27 5
РљР°СЂС‚Р° СЃРїРёСЃР°РЅРёСЏ: 1111111111111111
РљР°СЂС‚Р° Р·Р°С‡РёСЃР»РµРЅРёСЏ: 2222222222222222
РЎСѓРјРјР°: 200
РљРѕРјРёСЃСЃРёСЏ: 2
РћРїРµСЂР°С†РёСЏ Р·Р°Р±Р»РѕРєРёСЂРѕРІР°РЅР°!
13:20:51 5
РљР°СЂС‚Р° СЃРїРёСЃР°РЅРёСЏ: 1111111111111111
РљР°СЂС‚Р° Р·Р°С‡РёСЃР»РµРЅРёСЏ: 2222222222222222
РЎСѓРјРјР°: 200
РљРѕРјРёСЃСЃРёСЏ: 2
13:22:00 5
РљР°СЂС‚Р° СЃРїРёСЃР°РЅРёСЏ: 1111111111111111
РљР°СЂС‚Р° Р·Р°С‡РёСЃР»РµРЅРёСЏ: 2222222222222222
РЎСѓРјРјР°: 200
РљРѕРјРёСЃСЃРёСЏ: 2
13:33:56 5
РљР°СЂС‚Р° СЃРїРёСЃР°РЅРёСЏ: 1111111111111111
РљР°СЂС‚Р° Р·Р°С‡РёСЃР»РµРЅРёСЏ: 2222222222222222
РЎСѓРјРјР°: 200
РљРѕРјРёСЃСЃРёСЏ: 2
РћРїРµСЂР°С†РёСЏ Р·Р°Р±Р»РѕРєРёСЂРѕРІР°РЅР°!
13:34:55 5
РљР°СЂС‚Р° СЃРїРёСЃР°РЅРёСЏ: 1111111111111111
РљР°СЂС‚Р° Р·Р°С‡РёСЃР»РµРЅРёСЏ: 2222222222222222
РЎСѓРјРјР°: 200
РљРѕРјРёСЃСЃРёСЏ: 2
13:38:50 5
РљР°СЂС‚Р° СЃРїРёСЃР°РЅРёСЏ: 1111111111111111
РљР°СЂС‚Р° Р·Р°С‡РёСЃР»РµРЅРёСЏ: 2222222222222222
РЎСѓРјРјР°: 200
РљРѕРјРёСЃСЃРёСЏ: 2
13:41:10 5
РљР°СЂС‚Р° СЃРїРёСЃР°РЅРёСЏ: 1111111111111111
РљР°СЂС‚Р° Р·Р°С‡РёСЃР»РµРЅРёСЏ: 2222222222222222
РЎСѓРјРјР°: 200
РљРѕРјРёСЃСЃРёСЏ: 2
13:42:14 5
РљР°СЂС‚Р° СЃРїРёСЃР°РЅРёСЏ: 1111111111111111
РљР°СЂС‚Р° Р·Р°С‡РёСЃР»РµРЅРёСЏ: 2222222222222222
РЎСѓРјРјР°: 200
РљРѕРјРёСЃСЃРёСЏ: 2
13:43:11 5
РљР°СЂС‚Р° СЃРїРёСЃР°РЅРёСЏ: 1111111111111111
РљР°СЂС‚Р° Р·Р°С‡РёСЃР»РµРЅРёСЏ: 2222222222222222
РЎСѓРјРјР°: 200
РљРѕРјРёСЃСЃРёСЏ: 2
13:49:23 5
РљР°СЂС‚Р° СЃРїРёСЃР°РЅРёСЏ: 1111111111111111
РљР°СЂС‚Р° Р·Р°С‡РёСЃР»РµРЅРёСЏ: 2222222222222222
РЎСѓРјРјР°: 200
РљРѕРјРёСЃСЃРёСЏ: 2
13:49:55 5
РљР°СЂС‚Р° СЃРїРёСЃР°РЅРёСЏ: 1111111111111111
РљР°СЂС‚Р° Р·Р°С‡РёСЃР»РµРЅРёСЏ: 2222222222222222
РЎСѓРјРјР°: 200
РљРѕРјРёСЃСЃРёСЏ: 2
13:52:47 5
РљР°СЂС‚Р° СЃРїРёСЃР°РЅРёСЏ: 1111111111111111
РљР°СЂС‚Р° Р·Р°С‡РёСЃР»РµРЅРёСЏ: 2222222222222222
РЎСѓРјРјР°: 200
РљРѕРјРёСЃСЃРёСЏ: 2
13:56:33 5
РљР°СЂС‚Р° СЃРїРёСЃР°РЅРёСЏ: 1111111111111111
РљР°СЂС‚Р° Р·Р°С‡РёСЃР»РµРЅРёСЏ: 2222222222222222
РЎСѓРјРјР°: 200
РљРѕРјРёСЃСЃРёСЏ: 2
13:57:41 5
РљР°СЂС‚Р° СЃРїРёСЃР°РЅРёСЏ: 1111111111111111
РљР°СЂС‚Р° Р·Р°С‡РёСЃР»РµРЅРёСЏ: 2222222222222222
РЎСѓРјРјР°: 200
РљРѕРјРёСЃСЃРёСЏ: 2
13:58:17 5
РљР°СЂС‚Р° СЃРїРёСЃР°РЅРёСЏ: 1111111111111111
РљР°СЂС‚Р° Р·Р°С‡РёСЃР»РµРЅРёСЏ: 2222222222222222
РЎСѓРјРјР°: 200
РљРѕРјРёСЃСЃРёСЏ: 2
13:59:04 5
РљР°СЂС‚Р° СЃРїРёСЃР°РЅРёСЏ: 1111111111111111
РљР°СЂС‚Р° Р·Р°С‡РёСЃР»РµРЅРёСЏ: 2222222222222222
РЎСѓРјРјР°: 200
РљРѕРјРёСЃСЃРёСЏ: 2
14:02:42 5
РљР°СЂС‚Р° СЃРїРёСЃР°РЅРёСЏ: 1111111111111111
РљР°СЂС‚Р° Р·Р°С‡РёСЃР»РµРЅРёСЏ: 2222222222222222
РЎСѓРјРјР°: 200
РљРѕРјРёСЃСЃРёСЏ: 2
14:14:07 5
РљР°СЂС‚Р° СЃРїРёСЃР°РЅРёСЏ: 1111111111111111
РљР°СЂС‚Р° Р·Р°С‡РёСЃР»РµРЅРёСЏ: 2222222222222222
РЎСѓРјРјР°: 200
РљРѕРјРёСЃСЃРёСЏ: 2
14:15:34 5
РљР°СЂС‚Р° СЃРїРёСЃР°РЅРёСЏ: 1111111111111111
РљР°СЂС‚Р° Р·Р°С‡РёСЃР»РµРЅРёСЏ: 2222222222222222
РЎСѓРјРјР°: 200
РљРѕРјРёСЃСЃРёСЏ: 2
14:16:09 5
РљР°СЂС‚Р° СЃРїРёСЃР°РЅРёСЏ: 1111111111111111
РљР°СЂС‚Р° Р·Р°С‡РёСЃР»РµРЅРёСЏ: 2222222222222222
РЎСѓРјРјР°: 200
РљРѕРјРёСЃСЃРёСЏ: 2
РћС€РёР±РєР° - РљР°СЂС‚С‹ Р·Р°С‡РёСЃР»РµРЅРёСЏ РЅРµ СЃСѓС‰РµСЃС‚РІСѓРµС‚!
14:16:22 5
РљР°СЂС‚Р° СЃРїРёСЃР°РЅРёСЏ: 1111111111111111
РљР°СЂС‚Р° Р·Р°С‡РёСЃР»РµРЅРёСЏ: 2222222222222222
РЎСѓРјРјР°: 200
РљРѕРјРёСЃСЃРёСЏ: 2
РћС€РёР±РєР° - РљР°СЂС‚С‹ СЃРїРёСЃР°РЅРёСЏ РЅРµ СЃСѓС‰РµСЃС‚РІСѓРµС‚!
РћС€РёР±РєР° - РљР°СЂС‚С‹ СЃРїРёСЃР°РЅРёСЏ РЅРµ СЃСѓС‰РµСЃС‚РІСѓРµС‚!
РћС€РёР±РєР° - Р”Р°РЅРЅС‹Рµ РєР°СЂС‚С‹ СЃРїРёСЃР°РЅРёСЏ РЅРµ РІРµСЂРЅС‹!
РћС€РёР±РєР° - Р”Р°РЅРЅС‹Рµ РєР°СЂС‚С‹ СЃРїРёСЃР°РЅРёСЏ РЅРµ РІРµСЂРЅС‹!
РћС€РёР±РєР° - РќРµРґРѕСЃС‚Р°С‚РѕС‡РЅРѕ СЃСЂРµРґСЃС‚РІ РЅР° РєР°СЂС‚Рµ СЃРїРёСЃР°РЅРёСЏ
РћС€РёР±РєР° - РќРµРґРѕСЃС‚Р°С‚РѕС‡РЅРѕ СЃСЂРµРґСЃС‚РІ РЅР° РєР°СЂС‚Рµ СЃРїРёСЃР°РЅРёСЏ
РћС€РёР±РєР° - РљР°СЂС‚С‹ Р·Р°С‡РёСЃР»РµРЅРёСЏ РЅРµ СЃСѓС‰РµСЃС‚РІСѓРµС‚!
РћС€РёР±РєР° - РћРїРµСЂР°С†РёСЏ РЅРµРІРѕР·РјРѕР¶РЅР° РёР·-Р·Р° РєР°СЂС‚С‹ 2222222222222222
14:44:10 5
РљР°СЂС‚Р° СЃРїРёСЃР°РЅРёСЏ: 1111111111111111
РљР°СЂС‚Р° Р·Р°С‡РёСЃР»РµРЅРёСЏ: 2222222222222222
РЎСѓРјРјР°: 200
РљРѕРјРёСЃСЃРёСЏ: 2
14:44:10 5
РљР°СЂС‚Р° СЃРїРёСЃР°РЅРёСЏ: 1111111111111111
РљР°СЂС‚Р° Р·Р°С‡РёСЃР»РµРЅРёСЏ: 2222222222222222
РЎСѓРјРјР°: 200
РљРѕРјРёСЃСЃРёСЏ: 2
РћС€РёР±РєР° - РљР°СЂС‚С‹ Р·Р°С‡РёСЃР»РµРЅРёСЏ РЅРµ СЃСѓС‰РµСЃС‚РІСѓРµС‚!
РћС€РёР±РєР° - РљР°СЂС‚С‹ Р·Р°С‡РёСЃР»РµРЅРёСЏ РЅРµ СЃСѓС‰РµСЃС‚РІСѓРµС‚!
РћС€РёР±РєР° - Р”Р°РЅРЅС‹Рµ РєР°СЂС‚С‹ СЃРїРёСЃР°РЅРёСЏ РЅРµ РІРµСЂРЅС‹!
РћС€РёР±РєР° - РљР°СЂС‚С‹ СЃРїРёСЃР°РЅРёСЏ РЅРµ СЃСѓС‰РµСЃС‚РІСѓРµС‚!
РћС€РёР±РєР° - Р”Р°РЅРЅС‹Рµ РєР°СЂС‚С‹ СЃРїРёСЃР°РЅРёСЏ РЅРµ РІРµСЂРЅС‹!
РћС€РёР±РєР° - РќРµРґРѕСЃС‚Р°С‚РѕС‡РЅРѕ СЃСЂРµРґСЃС‚РІ РЅР° РєР°СЂС‚Рµ СЃРїРёСЃР°РЅРёСЏ
РћС€РёР±РєР° - РќРµРґРѕСЃС‚Р°С‚РѕС‡РЅРѕ СЃСЂРµРґСЃС‚РІ РЅР° РєР°СЂС‚Рµ СЃРїРёСЃР°РЅРёСЏ
14:44:10 5
РљР°СЂС‚Р° СЃРїРёСЃР°РЅРёСЏ: 1111111111111111
РљР°СЂС‚Р° Р·Р°С‡РёСЃР»РµРЅРёСЏ: 2222222222222222
РЎСѓРјРјР°: 200
РљРѕРјРёСЃСЃРёСЏ: 2
14:44:10 5
РљР°СЂС‚Р° СЃРїРёСЃР°РЅРёСЏ: 1111111111111111
РљР°СЂС‚Р° Р·Р°С‡РёСЃР»РµРЅРёСЏ: 2222222222222222
РЎСѓРјРјР°: 200
РљРѕРјРёСЃСЃРёСЏ: 2
РћС€РёР±РєР° - РљР°СЂС‚С‹ СЃРїРёСЃР°РЅРёСЏ РЅРµ СЃСѓС‰РµСЃС‚РІСѓРµС‚!
РћС€РёР±РєР° - РћРїРµСЂР°С†РёСЏ РЅРµРІРѕР·РјРѕР¶РЅР° РёР·-Р·Р° РєР°СЂС‚С‹ 2222222222222222
14:44:10 5
РљР°СЂС‚Р° СЃРїРёСЃР°РЅРёСЏ: 1111111111111111
РљР°СЂС‚Р° Р·Р°С‡РёСЃР»РµРЅРёСЏ: 2222222222222222
РЎСѓРјРјР°: 200
РљРѕРјРёСЃСЃРёСЏ: 2
РћС€РёР±РєР° - РћРїРµСЂР°С†РёСЏ РЅРµРІРѕР·РјРѕР¶РЅР° РёР·-Р·Р° РєР°СЂС‚С‹ 2222222222222222
14:45:40 5
РљР°СЂС‚Р° СЃРїРёСЃР°РЅРёСЏ: 1111111111111111
РљР°СЂС‚Р° Р·Р°С‡РёСЃР»РµРЅРёСЏ: 2222222222222222
РЎСѓРјРјР°: 200
РљРѕРјРёСЃСЃРёСЏ: 2
14:45:51 5
РљР°СЂС‚Р° СЃРїРёСЃР°РЅРёСЏ: 1111111111111111
РљР°СЂС‚Р° Р·Р°С‡РёСЃР»РµРЅРёСЏ: 2222222222222222
РЎСѓРјРјР°: 200
РљРѕРјРёСЃСЃРёСЏ: 2
14:45:51 5
РљР°СЂС‚Р° СЃРїРёСЃР°РЅРёСЏ: 1111111111111111
РљР°СЂС‚Р° Р·Р°С‡РёСЃР»РµРЅРёСЏ: 2222222222222222
РЎСѓРјРјР°: 200
РљРѕРјРёСЃСЃРёСЏ: 2
РћС€РёР±РєР° - РљР°СЂС‚С‹ Р·Р°С‡РёСЃР»РµРЅРёСЏ РЅРµ СЃСѓС‰РµСЃС‚РІСѓРµС‚!
РћС€РёР±РєР° - РљР°СЂС‚С‹ Р·Р°С‡РёСЃР»РµРЅРёСЏ РЅРµ СЃСѓС‰РµСЃС‚РІСѓРµС‚!
РћС€РёР±РєР° - Р”Р°РЅРЅС‹Рµ РєР°СЂС‚С‹ СЃРїРёСЃР°РЅРёСЏ РЅРµ РІРµСЂРЅС‹!
РћС€РёР±РєР° - РљР°СЂС‚С‹ СЃРїРёСЃР°РЅРёСЏ РЅРµ СЃСѓС‰РµСЃС‚РІСѓРµС‚!
РћС€РёР±РєР° - Р”Р°РЅРЅС‹Рµ РєР°СЂС‚С‹ СЃРїРёСЃР°РЅРёСЏ РЅРµ РІРµСЂРЅС‹!
РћС€РёР±РєР° - РќРµРґРѕСЃС‚Р°С‚РѕС‡РЅРѕ СЃСЂРµРґСЃС‚РІ РЅР° РєР°СЂС‚Рµ СЃРїРёСЃР°РЅРёСЏ
РћС€РёР±РєР° - РќРµРґРѕСЃС‚Р°С‚РѕС‡РЅРѕ СЃСЂРµРґСЃС‚РІ РЅР° РєР°СЂС‚Рµ СЃРїРёСЃР°РЅРёСЏ
14:45:51 5
РљР°СЂС‚Р° СЃРїРёСЃР°РЅРёСЏ: 1111111111111111
РљР°СЂС‚Р° Р·Р°С‡РёСЃР»РµРЅРёСЏ: 2222222222222222
РЎСѓРјРјР°: 200
РљРѕРјРёСЃСЃРёСЏ: 2
14:45:51 5
РљР°СЂС‚Р° СЃРїРёСЃР°РЅРёСЏ: 1111111111111111
РљР°СЂС‚Р° Р·Р°С‡РёСЃР»РµРЅРёСЏ: 2222222222222222
РЎСѓРјРјР°: 200
РљРѕРјРёСЃСЃРёСЏ: 2
РћС€РёР±РєР° - РљР°СЂС‚С‹ СЃРїРёСЃР°РЅРёСЏ РЅРµ СЃСѓС‰РµСЃС‚РІСѓРµС‚!
РћС€РёР±РєР° - РћРїРµСЂР°С†РёСЏ РЅРµРІРѕР·РјРѕР¶РЅР° РёР·-Р·Р° РєР°СЂС‚С‹ 2222222222222222
14:45:51 5
РљР°СЂС‚Р° СЃРїРёСЃР°РЅРёСЏ: 1111111111111111
РљР°СЂС‚Р° Р·Р°С‡РёСЃР»РµРЅРёСЏ: 2222222222222222
РЎСѓРјРјР°: 200
РљРѕРјРёСЃСЃРёСЏ: 2
РћС€РёР±РєР° - РћРїРµСЂР°С†РёСЏ РЅРµРІРѕР·РјРѕР¶РЅР° РёР·-Р·Р° РєР°СЂС‚С‹ 2222222222222222
14:47:30 5
РљР°СЂС‚Р° СЃРїРёСЃР°РЅРёСЏ: 1111111111111111
РљР°СЂС‚Р° Р·Р°С‡РёСЃР»РµРЅРёСЏ: 2222222222222222
РЎСѓРјРјР°: 200
РљРѕРјРёСЃСЃРёСЏ: 2
14:47:45 5
РљР°СЂС‚Р° СЃРїРёСЃР°РЅРёСЏ: 1111111111111111
РљР°СЂС‚Р° Р·Р°С‡РёСЃР»РµРЅРёСЏ: 2222222222222222
РЎСѓРјРјР°: 200
РљРѕРјРёСЃСЃРёСЏ: 2
14:47:45 5
РљР°СЂС‚Р° СЃРїРёСЃР°РЅРёСЏ: 1111111111111111
РљР°СЂС‚Р° Р·Р°С‡РёСЃР»РµРЅРёСЏ: 2222222222222222
РЎСѓРјРјР°: 200
РљРѕРјРёСЃСЃРёСЏ: 2
РћС€РёР±РєР° - РљР°СЂС‚С‹ Р·Р°С‡РёСЃР»РµРЅРёСЏ РЅРµ СЃСѓС‰РµСЃС‚РІСѓРµС‚!
РћС€РёР±РєР° - РљР°СЂС‚С‹ Р·Р°С‡РёСЃР»РµРЅРёСЏ РЅРµ СЃСѓС‰РµСЃС‚РІСѓРµС‚!
РћС€РёР±РєР° - Р”Р°РЅРЅС‹Рµ РєР°СЂС‚С‹ СЃРїРёСЃР°РЅРёСЏ РЅРµ РІРµСЂРЅС‹!
РћС€РёР±РєР° - РљР°СЂС‚С‹ СЃРїРёСЃР°РЅРёСЏ РЅРµ СЃСѓС‰РµСЃС‚РІСѓРµС‚!
РћС€РёР±РєР° - Р”Р°РЅРЅС‹Рµ РєР°СЂС‚С‹ СЃРїРёСЃР°РЅРёСЏ РЅРµ РІРµСЂРЅС‹!
РћС€РёР±РєР° - РќРµРґРѕСЃС‚Р°С‚РѕС‡РЅРѕ СЃСЂРµРґСЃС‚РІ РЅР° РєР°СЂС‚Рµ СЃРїРёСЃР°РЅРёСЏ
РћС€РёР±РєР° - РќРµРґРѕСЃС‚Р°С‚РѕС‡РЅРѕ СЃСЂРµРґСЃС‚РІ РЅР° РєР°СЂС‚Рµ СЃРїРёСЃР°РЅРёСЏ
14:47:45 5
РљР°СЂС‚Р° СЃРїРёСЃР°РЅРёСЏ: 1111111111111111
РљР°СЂС‚Р° Р·Р°С‡РёСЃР»РµРЅРёСЏ: 2222222222222222
РЎСѓРјРјР°: 200
РљРѕРјРёСЃСЃРёСЏ: 2
14:47:45 5
РљР°СЂС‚Р° СЃРїРёСЃР°РЅРёСЏ: 1111111111111111
РљР°СЂС‚Р° Р·Р°С‡РёСЃР»РµРЅРёСЏ: 2222222222222222
РЎСѓРјРјР°: 200
РљРѕРјРёСЃСЃРёСЏ: 2
РћС€РёР±РєР° - РљР°СЂС‚С‹ СЃРїРёСЃР°РЅРёСЏ РЅРµ СЃСѓС‰РµСЃС‚РІСѓРµС‚!
РћС€РёР±РєР° - РћРїРµСЂР°С†РёСЏ РЅРµРІРѕР·РјРѕР¶РЅР° РёР·-Р·Р° РєР°СЂС‚С‹ 2222222222222222
14:47:45 5
РљР°СЂС‚Р° СЃРїРёСЃР°РЅРёСЏ: 1111111111111111
РљР°СЂС‚Р° Р·Р°С‡РёСЃР»РµРЅРёСЏ: 2222222222222222
РЎСѓРјРјР°: 200
РљРѕРјРёСЃСЃРёСЏ: 2
РћС€РёР±РєР° - РћРїРµСЂР°С†РёСЏ РЅРµРІРѕР·РјРѕР¶РЅР° РёР·-Р·Р° РєР°СЂС‚С‹ 2222222222222222
14:49:37 5
РљР°СЂС‚Р° СЃРїРёСЃР°РЅРёСЏ: 1111111111111111
РљР°СЂС‚Р° Р·Р°С‡РёСЃР»РµРЅРёСЏ: 2222222222222222
РЎСѓРјРјР°: 200
РљРѕРјРёСЃСЃРёСЏ: 2
14:51:35 5
РљР°СЂС‚Р° СЃРїРёСЃР°РЅРёСЏ: 1111111111111111
РљР°СЂС‚Р° Р·Р°С‡РёСЃР»РµРЅРёСЏ: 2222222222222222
РЎСѓРјРјР°: 200
РљРѕРјРёСЃСЃРёСЏ: 2
14:51:46 5
РљР°СЂС‚Р° СЃРїРёСЃР°РЅРёСЏ: 1111111111111111
РљР°СЂС‚Р° Р·Р°С‡РёСЃР»РµРЅРёСЏ: 2222222222222222
РЎСѓРјРјР°: 200
РљРѕРјРёСЃСЃРёСЏ: 2
14:52:02 5
РљР°СЂС‚Р° СЃРїРёСЃР°РЅРёСЏ: 1111111111111111
РљР°СЂС‚Р° Р·Р°С‡РёСЃР»РµРЅРёСЏ: 2222222222222222
РЎСѓРјРјР°: 200
РљРѕРјРёСЃСЃРёСЏ: 2
14:52:02 5
РљР°СЂС‚Р° СЃРїРёСЃР°РЅРёСЏ: 1111111111111111
РљР°СЂС‚Р° Р·Р°С‡РёСЃР»РµРЅРёСЏ: 2222222222222222
РЎСѓРјРјР°: 200
РљРѕРјРёСЃСЃРёСЏ: 2
РћС€РёР±РєР° - РљР°СЂС‚С‹ Р·Р°С‡РёСЃР»РµРЅРёСЏ РЅРµ СЃСѓС‰РµСЃС‚РІСѓРµС‚!
РћС€РёР±РєР° - РљР°СЂС‚С‹ Р·Р°С‡РёСЃР»РµРЅРёСЏ РЅРµ СЃСѓС‰РµСЃС‚РІСѓРµС‚!
РћС€РёР±РєР° - Р”Р°РЅРЅС‹Рµ РєР°СЂС‚С‹ СЃРїРёСЃР°РЅРёСЏ РЅРµ РІРµСЂРЅС‹!
РћС€РёР±РєР° - РљР°СЂС‚С‹ СЃРїРёСЃР°РЅРёСЏ РЅРµ СЃСѓС‰РµСЃС‚РІСѓРµС‚!
РћС€РёР±РєР° - Р”Р°РЅРЅС‹Рµ РєР°СЂС‚С‹ СЃРїРёСЃР°РЅРёСЏ РЅРµ РІРµСЂРЅС‹!
РћС€РёР±РєР° - РќРµРґРѕСЃС‚Р°С‚РѕС‡РЅРѕ СЃСЂРµРґСЃС‚РІ РЅР° РєР°СЂС‚Рµ СЃРїРёСЃР°РЅРёСЏ
РћС€РёР±РєР° - РќРµРґРѕСЃС‚Р°С‚РѕС‡РЅРѕ СЃСЂРµРґСЃС‚РІ РЅР° РєР°СЂС‚Рµ СЃРїРёСЃР°РЅРёСЏ
14:52:02 5
РљР°СЂС‚Р° СЃРїРёСЃР°РЅРёСЏ: 1111111111111111
РљР°СЂС‚Р° Р·Р°С‡РёСЃР»РµРЅРёСЏ: 2222222222222222
РЎСѓРјРјР°: 200
РљРѕРјРёСЃСЃРёСЏ: 2
14:52:02 5
РљР°СЂС‚Р° СЃРїРёСЃР°РЅРёСЏ: 1111111111111111
РљР°СЂС‚Р° Р·Р°С‡РёСЃР»РµРЅРёСЏ: 2222222222222222
РЎСѓРјРјР°: 200
РљРѕРјРёСЃСЃРёСЏ: 2
РћС€РёР±РєР° - РљР°СЂС‚С‹ СЃРїРёСЃР°РЅРёСЏ РЅРµ СЃСѓС‰РµСЃС‚РІСѓРµС‚!
РћС€РёР±РєР° - РћРїРµСЂР°С†РёСЏ РЅРµРІРѕР·РјРѕР¶РЅР° РёР·-Р·Р° РєР°СЂС‚С‹ 2222222222222222
14:52:03 5
РљР°СЂС‚Р° СЃРїРёСЃР°РЅРёСЏ: 1111111111111111
РљР°СЂС‚Р° Р·Р°С‡РёСЃР»РµРЅРёСЏ: 2222222222222222
РЎСѓРјРјР°: 200
РљРѕРјРёСЃСЃРёСЏ: 2
РћС€РёР±РєР° - РћРїРµСЂР°С†РёСЏ РЅРµРІРѕР·РјРѕР¶РЅР° РёР·-Р·Р° РєР°СЂС‚С‹ 2222222222222222
14:54:59 5
РљР°СЂС‚Р° СЃРїРёСЃР°РЅРёСЏ: 1111111111111111
РљР°СЂС‚Р° Р·Р°С‡РёСЃР»РµРЅРёСЏ: 2222222222222222
РЎСѓРјРјР°: 200
РљРѕРјРёСЃСЃРёСЏ: 2
14:55:14 5
РљР°СЂС‚Р° СЃРїРёСЃР°РЅРёСЏ: 1111111111111111
РљР°СЂС‚Р° Р·Р°С‡РёСЃР»РµРЅРёСЏ: 2222222222222222
РЎСѓРјРјР°: 200
РљРѕРјРёСЃСЃРёСЏ: 2
14:55:14 5
РљР°СЂС‚Р° СЃРїРёСЃР°РЅРёСЏ: 1111111111111111
РљР°СЂС‚Р° Р·Р°С‡РёСЃР»РµРЅРёСЏ: 2222222222222222
РЎСѓРјРјР°: 200
РљРѕРјРёСЃСЃРёСЏ: 2
РћС€РёР±РєР° - РљР°СЂС‚С‹ Р·Р°С‡РёСЃР»РµРЅРёСЏ РЅРµ СЃСѓС‰РµСЃС‚РІСѓРµС‚!
РћС€РёР±РєР° - РљР°СЂС‚С‹ Р·Р°С‡РёСЃР»РµРЅРёСЏ РЅРµ СЃСѓС‰РµСЃС‚РІСѓРµС‚!
РћС€РёР±РєР° - Р”Р°РЅРЅС‹Рµ РєР°СЂС‚С‹ СЃРїРёСЃР°РЅРёСЏ РЅРµ РІРµСЂРЅС‹!
РћС€РёР±РєР° - РљР°СЂС‚С‹ СЃРїРёСЃР°РЅРёСЏ РЅРµ СЃСѓС‰РµСЃС‚РІСѓРµС‚!
РћС€РёР±РєР° - Р”Р°РЅРЅС‹Рµ РєР°СЂС‚С‹ СЃРїРёСЃР°РЅРёСЏ РЅРµ РІРµСЂРЅС‹!
РћС€РёР±РєР° - РќРµРґРѕСЃС‚Р°С‚РѕС‡РЅРѕ СЃСЂРµРґСЃС‚РІ РЅР° РєР°СЂС‚Рµ СЃРїРёСЃР°РЅРёСЏ
РћС€РёР±РєР° - РќРµРґРѕСЃС‚Р°С‚РѕС‡РЅРѕ СЃСЂРµРґСЃС‚РІ РЅР° РєР°СЂС‚Рµ СЃРїРёСЃР°РЅРёСЏ
14:55:14 5
РљР°СЂС‚Р° СЃРїРёСЃР°РЅРёСЏ: 1111111111111111
РљР°СЂС‚Р° Р·Р°С‡РёСЃР»РµРЅРёСЏ: 2222222222222222
РЎСѓРјРјР°: 200
РљРѕРјРёСЃСЃРёСЏ: 2
14:55:14 5
РљР°СЂС‚Р° СЃРїРёСЃР°РЅРёСЏ: 1111111111111111
РљР°СЂС‚Р° Р·Р°С‡РёСЃР»РµРЅРёСЏ: 2222222222222222
РЎСѓРјРјР°: 200
РљРѕРјРёСЃСЃРёСЏ: 2
РћС€РёР±РєР° - РљР°СЂС‚С‹ СЃРїРёСЃР°РЅРёСЏ РЅРµ СЃСѓС‰РµСЃС‚РІСѓРµС‚!
РћС€РёР±РєР° - РћРїРµСЂР°С†РёСЏ РЅРµРІРѕР·РјРѕР¶РЅР° РёР·-Р·Р° РєР°СЂС‚С‹ 2222222222222222
14:55:14 5
РљР°СЂС‚Р° СЃРїРёСЃР°РЅРёСЏ: 1111111111111111
РљР°СЂС‚Р° Р·Р°С‡РёСЃР»РµРЅРёСЏ: 2222222222222222
РЎСѓРјРјР°: 200
РљРѕРјРёСЃСЃРёСЏ: 2
РћС€РёР±РєР° - РћРїРµСЂР°С†РёСЏ РЅРµРІРѕР·РјРѕР¶РЅР° РёР·-Р·Р° РєР°СЂС‚С‹ 2222222222222222
14:55:40 5
РљР°СЂС‚Р° СЃРїРёСЃР°РЅРёСЏ: 1111111111111111
РљР°СЂС‚Р° Р·Р°С‡РёСЃР»РµРЅРёСЏ: 2222222222222222
РЎСѓРјРјР°: 200
РљРѕРјРёСЃСЃРёСЏ: 2
14:55:40 5
РљР°СЂС‚Р° СЃРїРёСЃР°РЅРёСЏ: 1111111111111111
РљР°СЂС‚Р° Р·Р°С‡РёСЃР»РµРЅРёСЏ: 2222222222222222
РЎСѓРјРјР°: 200
РљРѕРјРёСЃСЃРёСЏ: 2
РћС€РёР±РєР° - РљР°СЂС‚С‹ Р·Р°С‡РёСЃР»РµРЅРёСЏ РЅРµ СЃСѓС‰РµСЃС‚РІСѓРµС‚!
РћС€РёР±РєР° - РљР°СЂС‚С‹ Р·Р°С‡РёСЃР»РµРЅРёСЏ РЅРµ СЃСѓС‰РµСЃС‚РІСѓРµС‚!
РћС€РёР±РєР° - Р”Р°РЅРЅС‹Рµ РєР°СЂС‚С‹ СЃРїРёСЃР°РЅРёСЏ РЅРµ РІРµСЂРЅС‹!
РћС€РёР±РєР° - РљР°СЂС‚С‹ СЃРїРёСЃР°РЅРёСЏ РЅРµ СЃСѓС‰РµСЃС‚РІСѓРµС‚!
РћС€РёР±РєР° - Р”Р°РЅРЅС‹Рµ РєР°СЂС‚С‹ СЃРїРёСЃР°РЅРёСЏ РЅРµ РІРµСЂРЅС‹!
РћС€РёР±РєР° - РќРµРґРѕСЃС‚Р°С‚РѕС‡РЅРѕ СЃСЂРµРґСЃС‚РІ РЅР° РєР°СЂС‚Рµ СЃРїРёСЃР°РЅРёСЏ
РћС€РёР±РєР° - РќРµРґРѕСЃС‚Р°С‚РѕС‡РЅРѕ СЃСЂРµРґСЃС‚РІ РЅР° РєР°СЂС‚Рµ СЃРїРёСЃР°РЅРёСЏ
14:55:40 5
РљР°СЂС‚Р° СЃРїРёСЃР°РЅРёСЏ: 1111111111111111
РљР°СЂС‚Р° Р·Р°С‡РёСЃР»РµРЅРёСЏ: 2222222222222222
РЎСѓРјРјР°: 200
РљРѕРјРёСЃСЃРёСЏ: 2
14:55:40 5
РљР°СЂС‚Р° СЃРїРёСЃР°РЅРёСЏ: 1111111111111111
РљР°СЂС‚Р° Р·Р°С‡РёСЃР»РµРЅРёСЏ: 2222222222222222
РЎСѓРјРјР°: 200
РљРѕРјРёСЃСЃРёСЏ: 2
РћС€РёР±РєР° - РљР°СЂС‚С‹ СЃРїРёСЃР°РЅРёСЏ РЅРµ СЃСѓС‰РµСЃС‚РІСѓРµС‚!
РћС€РёР±РєР° - РћРїРµСЂР°С†РёСЏ РЅРµРІРѕР·РјРѕР¶РЅР° РёР·-Р·Р° РєР°СЂС‚С‹ 2222222222222222
14:55:41 5
РљР°СЂС‚Р° СЃРїРёСЃР°РЅРёСЏ: 1111111111111111
РљР°СЂС‚Р° Р·Р°С‡РёСЃР»РµРЅРёСЏ: 2222222222222222
РЎСѓРјРјР°: 200
РљРѕРјРёСЃСЃРёСЏ: 2
РћС€РёР±РєР° - РћРїРµСЂР°С†РёСЏ РЅРµРІРѕР·РјРѕР¶РЅР° РёР·-Р·Р° РєР°СЂС‚С‹ 2222222222222222
14:58:34 5
РљР°СЂС‚Р° СЃРїРёСЃР°РЅРёСЏ: 1111111111111111
РљР°СЂС‚Р° Р·Р°С‡РёСЃР»РµРЅРёСЏ: 2222222222222222
РЎСѓРјРјР°: 200
РљРѕРјРёСЃСЃРёСЏ: 2
РћРїРµСЂР°С†РёСЏ Р·Р°Р±Р»РѕРєРёСЂРѕРІР°РЅР°!
14:59:12 5
РљР°СЂС‚Р° СЃРїРёСЃР°РЅРёСЏ: 1111111111111111
РљР°СЂС‚Р° Р·Р°С‡РёСЃР»РµРЅРёСЏ: 2222222222222222
РЎСѓРјРјР°: 200
РљРѕРјРёСЃСЃРёСЏ: 2
14:59:24 5
РљР°СЂС‚Р° СЃРїРёСЃР°РЅРёСЏ: 1111111111111111
РљР°СЂС‚Р° Р·Р°С‡РёСЃР»РµРЅРёСЏ: 2222222222222222
РЎСѓРјРјР°: 200
РљРѕРјРёСЃСЃРёСЏ: 2
14:59:24 5
РљР°СЂС‚Р° СЃРїРёСЃР°РЅРёСЏ: 1111111111111111
РљР°СЂС‚Р° Р·Р°С‡РёСЃР»РµРЅРёСЏ: 2222222222222222
РЎСѓРјРјР°: 200
РљРѕРјРёСЃСЃРёСЏ: 2
РћС€РёР±РєР° - РљР°СЂС‚С‹ Р·Р°С‡РёСЃР»РµРЅРёСЏ РЅРµ СЃСѓС‰РµСЃС‚РІСѓРµС‚!
РћС€РёР±РєР° - РљР°СЂС‚С‹ Р·Р°С‡РёСЃР»РµРЅРёСЏ РЅРµ СЃСѓС‰РµСЃС‚РІСѓРµС‚!
РћС€РёР±РєР° - Р”Р°РЅРЅС‹Рµ РєР°СЂС‚С‹ СЃРїРёСЃР°РЅРёСЏ РЅРµ РІРµСЂРЅС‹!
РћС€РёР±РєР° - РљР°СЂС‚С‹ СЃРїРёСЃР°РЅРёСЏ РЅРµ СЃСѓС‰РµСЃС‚РІСѓРµС‚!
РћС€РёР±РєР° - Р”Р°РЅРЅС‹Рµ РєР°СЂС‚С‹ СЃРїРёСЃР°РЅРёСЏ РЅРµ РІРµСЂРЅС‹!
РћС€РёР±РєР° - РќРµРґРѕСЃС‚Р°С‚РѕС‡РЅРѕ СЃСЂРµРґСЃС‚РІ РЅР° РєР°СЂС‚Рµ СЃРїРёСЃР°РЅРёСЏ
РћС€РёР±РєР° - РќРµРґРѕСЃС‚Р°С‚РѕС‡РЅРѕ СЃСЂРµРґСЃС‚РІ РЅР° РєР°СЂС‚Рµ СЃРїРёСЃР°РЅРёСЏ
14:59:24 5
РљР°СЂС‚Р° СЃРїРёСЃР°РЅРёСЏ: 1111111111111111
РљР°СЂС‚Р° Р·Р°С‡РёСЃР»РµРЅРёСЏ: 2222222222222222
РЎСѓРјРјР°: 200
РљРѕРјРёСЃСЃРёСЏ: 2
14:59:24 5
РљР°СЂС‚Р° СЃРїРёСЃР°РЅРёСЏ: 1111111111111111
РљР°СЂС‚Р° Р·Р°С‡РёСЃР»РµРЅРёСЏ: 2222222222222222
РЎСѓРјРјР°: 200
РљРѕРјРёСЃСЃРёСЏ: 2
РћС€РёР±РєР° - РљР°СЂС‚С‹ СЃРїРёСЃР°РЅРёСЏ РЅРµ СЃСѓС‰РµСЃС‚РІСѓРµС‚!
РћС€РёР±РєР° - РћРїРµСЂР°С†РёСЏ РЅРµРІРѕР·РјРѕР¶РЅР° РёР·-Р·Р° РєР°СЂС‚С‹ 2222222222222222
14:59:24 5
РљР°СЂС‚Р° СЃРїРёСЃР°РЅРёСЏ: 1111111111111111
РљР°СЂС‚Р° Р·Р°С‡РёСЃР»РµРЅРёСЏ: 2222222222222222
РЎСѓРјРјР°: 200
РљРѕРјРёСЃСЃРёСЏ: 2
РћС€РёР±РєР° - РћРїРµСЂР°С†РёСЏ РЅРµРІРѕР·РјРѕР¶РЅР° РёР·-Р·Р° РєР°СЂС‚С‹ 2222222222222222
15:01:10 5
РљР°СЂС‚Р° СЃРїРёСЃР°РЅРёСЏ: 1111111111111111
РљР°СЂС‚Р° Р·Р°С‡РёСЃР»РµРЅРёСЏ: 2222222222222222
РЎСѓРјРјР°: 200
РљРѕРјРёСЃСЃРёСЏ: 2
15:01:10 5
РљР°СЂС‚Р° СЃРїРёСЃР°РЅРёСЏ: 1111111111111111
РљР°СЂС‚Р° Р·Р°С‡РёСЃР»РµРЅРёСЏ: 2222222222222222
РЎСѓРјРјР°: 200
РљРѕРјРёСЃСЃРёСЏ: 2
РћС€РёР±РєР° - РљР°СЂС‚С‹ Р·Р°С‡РёСЃР»РµРЅРёСЏ РЅРµ СЃСѓС‰РµСЃС‚РІСѓРµС‚!
РћС€РёР±РєР° - РљР°СЂС‚С‹ Р·Р°С‡РёСЃР»РµРЅРёСЏ РЅРµ СЃСѓС‰РµСЃС‚РІСѓРµС‚!
РћС€РёР±РєР° - Р”Р°РЅРЅС‹Рµ РєР°СЂС‚С‹ СЃРїРёСЃР°РЅРёСЏ РЅРµ РІРµСЂРЅС‹!
РћС€РёР±РєР° - РљР°СЂС‚С‹ СЃРїРёСЃР°РЅРёСЏ РЅРµ СЃСѓС‰РµСЃС‚РІСѓРµС‚!
РћС€РёР±РєР° - Р”Р°РЅРЅС‹Рµ РєР°СЂС‚С‹ СЃРїРёСЃР°РЅРёСЏ РЅРµ РІРµСЂРЅС‹!
РћС€РёР±РєР° - РќРµРґРѕСЃС‚Р°С‚РѕС‡РЅРѕ СЃСЂРµРґСЃС‚РІ РЅР° РєР°СЂС‚Рµ СЃРїРёСЃР°РЅРёСЏ
РћС€РёР±РєР° - РќРµРґРѕСЃС‚Р°С‚РѕС‡РЅРѕ СЃСЂРµРґСЃС‚РІ РЅР° РєР°СЂС‚Рµ СЃРїРёСЃР°РЅРёСЏ
15:01:10 5
РљР°СЂС‚Р° СЃРїРёСЃР°РЅРёСЏ: 1111111111111111
РљР°СЂС‚Р° Р·Р°С‡РёСЃР»РµРЅРёСЏ: 2222222222222222
РЎСѓРјРјР°: 200
РљРѕРјРёСЃСЃРёСЏ: 2
15:01:10 5
РљР°СЂС‚Р° СЃРїРёСЃР°РЅРёСЏ: 1111111111111111
РљР°СЂС‚Р° Р·Р°С‡РёСЃР»РµРЅРёСЏ: 2222222222222222
РЎСѓРјРјР°: 200
РљРѕРјРёСЃСЃРёСЏ: 2
РћС€РёР±РєР° - РљР°СЂС‚С‹ СЃРїРёСЃР°РЅРёСЏ РЅРµ СЃСѓС‰РµСЃС‚РІСѓРµС‚!
РћС€РёР±РєР° - РћРїРµСЂР°С†РёСЏ РЅРµРІРѕР·РјРѕР¶РЅР° РёР·-Р·Р° РєР°СЂС‚С‹ 2222222222222222
15:01:10 5
РљР°СЂС‚Р° СЃРїРёСЃР°РЅРёСЏ: 1111111111111111
РљР°СЂС‚Р° Р·Р°С‡РёСЃР»РµРЅРёСЏ: 2222222222222222
РЎСѓРјРјР°: 200
РљРѕРјРёСЃСЃРёСЏ: 2
РћС€РёР±РєР° - РљР°СЂС‚С‹ Р·Р°С‡РёСЃР»РµРЅРёСЏ РЅРµ СЃСѓС‰РµСЃС‚РІСѓРµС‚!
15:02:47 5
РљР°СЂС‚Р° СЃРїРёСЃР°РЅРёСЏ: 1111111111111111
РљР°СЂС‚Р° Р·Р°С‡РёСЃР»РµРЅРёСЏ: 2222222222222222
РЎСѓРјРјР°: 200
РљРѕРјРёСЃСЃРёСЏ: 2
15:03:07 5
РљР°СЂС‚Р° СЃРїРёСЃР°РЅРёСЏ: 1111111111111111
РљР°СЂС‚Р° Р·Р°С‡РёСЃР»РµРЅРёСЏ: 2222222222222222
РЎСѓРјРјР°: 200
РљРѕРјРёСЃСЃРёСЏ: 2
РћС€РёР±РєР° - РљР°СЂС‚С‹ Р·Р°С‡РёСЃР»РµРЅРёСЏ РЅРµ СЃСѓС‰РµСЃС‚РІСѓРµС‚!
РћС€РёР±РєР° - РљР°СЂС‚С‹ Р·Р°С‡РёСЃР»РµРЅРёСЏ РЅРµ СЃСѓС‰РµСЃС‚РІСѓРµС‚!
РћС€РёР±РєР° - Р”Р°РЅРЅС‹Рµ РєР°СЂС‚С‹ СЃРїРёСЃР°РЅРёСЏ РЅРµ РІРµСЂРЅС‹!
РћС€РёР±РєР° - РљР°СЂС‚С‹ СЃРїРёСЃР°РЅРёСЏ РЅРµ СЃСѓС‰РµСЃС‚РІСѓРµС‚!
РћС€РёР±РєР° - Р”Р°РЅРЅС‹Рµ РєР°СЂС‚С‹ СЃРїРёСЃР°РЅРёСЏ РЅРµ РІРµСЂРЅС‹!
РћС€РёР±РєР° - РќРµРґРѕСЃС‚Р°С‚РѕС‡РЅРѕ СЃСЂРµРґСЃС‚РІ РЅР° РєР°СЂС‚Рµ СЃРїРёСЃР°РЅРёСЏ
РћС€РёР±РєР° - РќРµРґРѕСЃС‚Р°С‚РѕС‡РЅРѕ СЃСЂРµРґСЃС‚РІ РЅР° РєР°СЂС‚Рµ СЃРїРёСЃР°РЅРёСЏ
15:03:09 5
РљР°СЂС‚Р° СЃРїРёСЃР°РЅРёСЏ: 1111111111111111
РљР°СЂС‚Р° Р·Р°С‡РёСЃР»РµРЅРёСЏ: 2222222222222222
РЎСѓРјРјР°: 200
РљРѕРјРёСЃСЃРёСЏ: 2
15:03:10 5
РљР°СЂС‚Р° СЃРїРёСЃР°РЅРёСЏ: 1111111111111111
РљР°СЂС‚Р° Р·Р°С‡РёСЃР»РµРЅРёСЏ: 2222222222222222
РЎСѓРјРјР°: 200
РљРѕРјРёСЃСЃРёСЏ: 2
РћС€РёР±РєР° - РљР°СЂС‚С‹ СЃРїРёСЃР°РЅРёСЏ РЅРµ СЃСѓС‰РµСЃС‚РІСѓРµС‚!
РћС€РёР±РєР° - РћРїРµСЂР°С†РёСЏ РЅРµРІРѕР·РјРѕР¶РЅР° РёР·-Р·Р° РєР°СЂС‚С‹ 2222222222222222
15:03:10 5
РљР°СЂС‚Р° СЃРїРёСЃР°РЅРёСЏ: 1111111111111111
РљР°СЂС‚Р° Р·Р°С‡РёСЃР»РµРЅРёСЏ: 2222222222222222
РЎСѓРјРјР°: 200
РљРѕРјРёСЃСЃРёСЏ: 2
РћС€РёР±РєР° - РљР°СЂС‚С‹ Р·Р°С‡РёСЃР»РµРЅРёСЏ РЅРµ СЃСѓС‰РµСЃС‚РІСѓРµС‚!
15:03:34 5
РљР°СЂС‚Р° СЃРїРёСЃР°РЅРёСЏ: 1111111111111111
РљР°СЂС‚Р° Р·Р°С‡РёСЃР»РµРЅРёСЏ: 2222222222222222
РЎСѓРјРјР°: 200
РљРѕРјРёСЃСЃРёСЏ: 2
15:03:58 5
РљР°СЂС‚Р° СЃРїРёСЃР°РЅРёСЏ: 1111111111111111
РљР°СЂС‚Р° Р·Р°С‡РёСЃР»РµРЅРёСЏ: 2222222222222222
РЎСѓРјРјР°: 200
РљРѕРјРёСЃСЃРёСЏ: 2
РћС€РёР±РєР° - РљР°СЂС‚С‹ Р·Р°С‡РёСЃР»РµРЅРёСЏ РЅРµ СЃСѓС‰РµСЃС‚РІСѓРµС‚!
РћС€РёР±РєР° - РљР°СЂС‚С‹ Р·Р°С‡РёСЃР»РµРЅРёСЏ РЅРµ СЃСѓС‰РµСЃС‚РІСѓРµС‚!
РћС€РёР±РєР° - Р”Р°РЅРЅС‹Рµ РєР°СЂС‚С‹ СЃРїРёСЃР°РЅРёСЏ РЅРµ РІРµСЂРЅС‹!
РћС€РёР±РєР° - РљР°СЂС‚С‹ СЃРїРёСЃР°РЅРёСЏ РЅРµ СЃСѓС‰РµСЃС‚РІСѓРµС‚!
РћС€РёР±РєР° - Р”Р°РЅРЅС‹Рµ РєР°СЂС‚С‹ СЃРїРёСЃР°РЅРёСЏ РЅРµ РІРµСЂРЅС‹!
РћС€РёР±РєР° - РќРµРґРѕСЃС‚Р°С‚РѕС‡РЅРѕ СЃСЂРµРґСЃС‚РІ РЅР° РєР°СЂС‚Рµ СЃРїРёСЃР°РЅРёСЏ
РћС€РёР±РєР° - РќРµРґРѕСЃС‚Р°С‚РѕС‡РЅРѕ СЃСЂРµРґСЃС‚РІ РЅР° РєР°СЂС‚Рµ СЃРїРёСЃР°РЅРёСЏ
15:04:30 5
РљР°СЂС‚Р° СЃРїРёСЃР°РЅРёСЏ: 1111111111111111
РљР°СЂС‚Р° Р·Р°С‡РёСЃР»РµРЅРёСЏ: 2222222222222222
РЎСѓРјРјР°: 200
РљРѕРјРёСЃСЃРёСЏ: 2
15:04:47 5
РљР°СЂС‚Р° СЃРїРёСЃР°РЅРёСЏ: 1111111111111111
РљР°СЂС‚Р° Р·Р°С‡РёСЃР»РµРЅРёСЏ: 2222222222222222
РЎСѓРјРјР°: 200
РљРѕРјРёСЃСЃРёСЏ: 2
15:05:18 5
РљР°СЂС‚Р° СЃРїРёСЃР°РЅРёСЏ: 1111111111111111
РљР°СЂС‚Р° Р·Р°С‡РёСЃР»РµРЅРёСЏ: 2222222222222222
РЎСѓРјРјР°: 200
РљРѕРјРёСЃСЃРёСЏ: 2
РћС€РёР±РєР° - РљР°СЂС‚С‹ Р·Р°С‡РёСЃР»РµРЅРёСЏ РЅРµ СЃСѓС‰РµСЃС‚РІСѓРµС‚!
РћС€РёР±РєР° - РљР°СЂС‚С‹ Р·Р°С‡РёСЃР»РµРЅРёСЏ РЅРµ СЃСѓС‰РµСЃС‚РІСѓРµС‚!
РћС€РёР±РєР° - Р”Р°РЅРЅС‹Рµ РєР°СЂС‚С‹ СЃРїРёСЃР°РЅРёСЏ РЅРµ РІРµСЂРЅС‹!
РћС€РёР±РєР° - РљР°СЂС‚С‹ СЃРїРёСЃР°РЅРёСЏ РЅРµ СЃСѓС‰РµСЃС‚РІСѓРµС‚!
РћС€РёР±РєР° - Р”Р°РЅРЅС‹Рµ РєР°СЂС‚С‹ СЃРїРёСЃР°РЅРёСЏ РЅРµ РІРµСЂРЅС‹!
РћС€РёР±РєР° - РќРµРґРѕСЃС‚Р°С‚РѕС‡РЅРѕ СЃСЂРµРґСЃС‚РІ РЅР° РєР°СЂС‚Рµ СЃРїРёСЃР°РЅРёСЏ
РћС€РёР±РєР° - РќРµРґРѕСЃС‚Р°С‚РѕС‡РЅРѕ СЃСЂРµРґСЃС‚РІ РЅР° РєР°СЂС‚Рµ СЃРїРёСЃР°РЅРёСЏ
15:05:36 5
РљР°СЂС‚Р° СЃРїРёСЃР°РЅРёСЏ: 1111111111111111
РљР°СЂС‚Р° Р·Р°С‡РёСЃР»РµРЅРёСЏ: 2222222222222222
РЎСѓРјРјР°: 200
РљРѕРјРёСЃСЃРёСЏ: 2
15:05:46 5
РљР°СЂС‚Р° СЃРїРёСЃР°РЅРёСЏ: 1111111111111111
РљР°СЂС‚Р° Р·Р°С‡РёСЃР»РµРЅРёСЏ: 2222222222222222
РЎСѓРјРјР°: 200
РљРѕРјРёСЃСЃРёСЏ: 2
РћС€РёР±РєР° - РљР°СЂС‚С‹ СЃРїРёСЃР°РЅРёСЏ РЅРµ СЃСѓС‰РµСЃС‚РІСѓРµС‚!
РћС€РёР±РєР° - РћРїРµСЂР°С†РёСЏ РЅРµРІРѕР·РјРѕР¶РЅР° РёР·-Р·Р° РєР°СЂС‚С‹ 2222222222222222
15:05:46 5
РљР°СЂС‚Р° СЃРїРёСЃР°РЅРёСЏ: 1111111111111111
РљР°СЂС‚Р° Р·Р°С‡РёСЃР»РµРЅРёСЏ: 2222222222222222
РЎСѓРјРјР°: 200
РљРѕРјРёСЃСЃРёСЏ: 2
РћС€РёР±РєР° - РљР°СЂС‚С‹ Р·Р°С‡РёСЃР»РµРЅРёСЏ РЅРµ СЃСѓС‰РµСЃС‚РІСѓРµС‚!
15:06:08 5
РљР°СЂС‚Р° СЃРїРёСЃР°РЅРёСЏ: 1111111111111111
РљР°СЂС‚Р° Р·Р°С‡РёСЃР»РµРЅРёСЏ: 2222222222222222
РЎСѓРјРјР°: 200
РљРѕРјРёСЃСЃРёСЏ: 2
15:06:18 5
РљР°СЂС‚Р° СЃРїРёСЃР°РЅРёСЏ: 1111111111111111
РљР°СЂС‚Р° Р·Р°С‡РёСЃР»РµРЅРёСЏ: 2222222222222222
РЎСѓРјРјР°: 200
РљРѕРјРёСЃСЃРёСЏ: 2
РћС€РёР±РєР° - РљР°СЂС‚С‹ Р·Р°С‡РёСЃР»РµРЅРёСЏ РЅРµ СЃСѓС‰РµСЃС‚РІСѓРµС‚!
РћС€РёР±РєР° - РљР°СЂС‚С‹ Р·Р°С‡РёСЃР»РµРЅРёСЏ РЅРµ СЃСѓС‰РµСЃС‚РІСѓРµС‚!
РћС€РёР±РєР° - Р”Р°РЅРЅС‹Рµ РєР°СЂС‚С‹ СЃРїРёСЃР°РЅРёСЏ РЅРµ РІРµСЂРЅС‹!
РћС€РёР±РєР° - РљР°СЂС‚С‹ СЃРїРёСЃР°РЅРёСЏ РЅРµ СЃСѓС‰РµСЃС‚РІСѓРµС‚!
РћС€РёР±РєР° - Р”Р°РЅРЅС‹Рµ РєР°СЂС‚С‹ СЃРїРёСЃР°РЅРёСЏ РЅРµ РІРµСЂРЅС‹!
РћС€РёР±РєР° - РќРµРґРѕСЃС‚Р°С‚РѕС‡РЅРѕ СЃСЂРµРґСЃС‚РІ РЅР° РєР°СЂС‚Рµ СЃРїРёСЃР°РЅРёСЏ
РћС€РёР±РєР° - РќРµРґРѕСЃС‚Р°С‚РѕС‡РЅРѕ СЃСЂРµРґСЃС‚РІ РЅР° РєР°СЂС‚Рµ СЃРїРёСЃР°РЅРёСЏ
15:06:27 5
РљР°СЂС‚Р° СЃРїРёСЃР°РЅРёСЏ: 1111111111111111
РљР°СЂС‚Р° Р·Р°С‡РёСЃР»РµРЅРёСЏ: 2222222222222222
РЎСѓРјРјР°: 200
РљРѕРјРёСЃСЃРёСЏ: 2
15:06:53 5
РљР°СЂС‚Р° СЃРїРёСЃР°РЅРёСЏ: 1111111111111111
РљР°СЂС‚Р° Р·Р°С‡РёСЃР»РµРЅРёСЏ: 2222222222222222
РЎСѓРјРјР°: 200
РљРѕРјРёСЃСЃРёСЏ: 2
РћС€РёР±РєР° - РљР°СЂС‚С‹ СЃРїРёСЃР°РЅРёСЏ РЅРµ СЃСѓС‰РµСЃС‚РІСѓРµС‚!
РћС€РёР±РєР° - РћРїРµСЂР°С†РёСЏ РЅРµРІРѕР·РјРѕР¶РЅР° РёР·-Р·Р° РєР°СЂС‚С‹ 2222222222222222
15:06:53 5
РљР°СЂС‚Р° СЃРїРёСЃР°РЅРёСЏ: 1111111111111111
РљР°СЂС‚Р° Р·Р°С‡РёСЃР»РµРЅРёСЏ: 2222222222222222
РЎСѓРјРјР°: 200
РљРѕРјРёСЃСЃРёСЏ: 2
РћС€РёР±РєР° - РљР°СЂС‚С‹ Р·Р°С‡РёСЃР»РµРЅРёСЏ РЅРµ СЃСѓС‰РµСЃС‚РІСѓРµС‚!
15:09:47 5
РљР°СЂС‚Р° СЃРїРёСЃР°РЅРёСЏ: 1111111111111111
РљР°СЂС‚Р° Р·Р°С‡РёСЃР»РµРЅРёСЏ: 2222222222222222
РЎСѓРјРјР°: 200
РљРѕРјРёСЃСЃРёСЏ: 2
15:09:51 5
РљР°СЂС‚Р° СЃРїРёСЃР°РЅРёСЏ: 1111111111111111
РљР°СЂС‚Р° Р·Р°С‡РёСЃР»РµРЅРёСЏ: 2222222222222222
РЎСѓРјРјР°: 200
РљРѕРјРёСЃСЃРёСЏ: 2
РћС€РёР±РєР° - РљР°СЂС‚С‹ Р·Р°С‡РёСЃР»РµРЅРёСЏ РЅРµ СЃСѓС‰РµСЃС‚РІСѓРµС‚!
РћС€РёР±РєР° - РљР°СЂС‚С‹ Р·Р°С‡РёСЃР»РµРЅРёСЏ РЅРµ СЃСѓС‰РµСЃС‚РІСѓРµС‚!
РћС€РёР±РєР° - Р”Р°РЅРЅС‹Рµ РєР°СЂС‚С‹ СЃРїРёСЃР°РЅРёСЏ РЅРµ РІРµСЂРЅС‹!
РћС€РёР±РєР° - РљР°СЂС‚С‹ СЃРїРёСЃР°РЅРёСЏ РЅРµ СЃСѓС‰РµСЃС‚РІСѓРµС‚!
РћС€РёР±РєР° - Р”Р°РЅРЅС‹Рµ РєР°СЂС‚С‹ СЃРїРёСЃР°РЅРёСЏ РЅРµ РІРµСЂРЅС‹!
РћС€РёР±РєР° - РќРµРґРѕСЃС‚Р°С‚РѕС‡РЅРѕ СЃСЂРµРґСЃС‚РІ РЅР° РєР°СЂС‚Рµ СЃРїРёСЃР°РЅРёСЏ
РћС€РёР±РєР° - РќРµРґРѕСЃС‚Р°С‚РѕС‡РЅРѕ СЃСЂРµРґСЃС‚РІ РЅР° РєР°СЂС‚Рµ СЃРїРёСЃР°РЅРёСЏ
15:10:00 5
РљР°СЂС‚Р° СЃРїРёСЃР°РЅРёСЏ: 1111111111111111
РљР°СЂС‚Р° Р·Р°С‡РёСЃР»РµРЅРёСЏ: 2222222222222222
РЎСѓРјРјР°: 200
РљРѕРјРёСЃСЃРёСЏ: 2
15:10:17 5
РљР°СЂС‚Р° СЃРїРёСЃР°РЅРёСЏ: 1111111111111111
РљР°СЂС‚Р° Р·Р°С‡РёСЃР»РµРЅРёСЏ: 2222222222222222
РЎСѓРјРјР°: 200
РљРѕРјРёСЃСЃРёСЏ: 2
РћС€РёР±РєР° - РљР°СЂС‚С‹ СЃРїРёСЃР°РЅРёСЏ РЅРµ СЃСѓС‰РµСЃС‚РІСѓРµС‚!
РћС€РёР±РєР° - РћРїРµСЂР°С†РёСЏ РЅРµРІРѕР·РјРѕР¶РЅР° РёР·-Р·Р° РєР°СЂС‚С‹ 2222222222222222
15:10:17 5
РљР°СЂС‚Р° СЃРїРёСЃР°РЅРёСЏ: 1111111111111111
РљР°СЂС‚Р° Р·Р°С‡РёСЃР»РµРЅРёСЏ: 2222222222222222
РЎСѓРјРјР°: 200
РљРѕРјРёСЃСЃРёСЏ: 2
РћС€РёР±РєР° - РћРїРµСЂР°С†РёСЏ РЅРµРІРѕР·РјРѕР¶РЅР° РёР·-Р·Р° РєР°СЂС‚С‹ 2222222222222222
РћС€РёР±РєР° - РћРїРµСЂР°С†РёСЏ РЅРµРІРѕР·РјРѕР¶РЅР° РёР·-Р·Р° РєР°СЂС‚С‹ 2222222222222222
15:16:28 5
РљР°СЂС‚Р° СЃРїРёСЃР°РЅРёСЏ: 1111111111111111
РљР°СЂС‚Р° Р·Р°С‡РёСЃР»РµРЅРёСЏ: 2222222222222222
РЎСѓРјРјР°: 200
РљРѕРјРёСЃСЃРёСЏ: 2
15:16:28 5
РљР°СЂС‚Р° СЃРїРёСЃР°РЅРёСЏ: 1111111111111111
РљР°СЂС‚Р° Р·Р°С‡РёСЃР»РµРЅРёСЏ: 2222222222222222
РЎСѓРјРјР°: 200
РљРѕРјРёСЃСЃРёСЏ: 2
РћС€РёР±РєР° - РљР°СЂС‚С‹ Р·Р°С‡РёСЃР»РµРЅРёСЏ РЅРµ СЃСѓС‰РµСЃС‚РІСѓРµС‚!
РћС€РёР±РєР° - РљР°СЂС‚С‹ Р·Р°С‡РёСЃР»РµРЅРёСЏ РЅРµ СЃСѓС‰РµСЃС‚РІСѓРµС‚!
РћС€РёР±РєР° - Р”Р°РЅРЅС‹Рµ РєР°СЂС‚С‹ СЃРїРёСЃР°РЅРёСЏ РЅРµ РІРµСЂРЅС‹!
РћС€РёР±РєР° - РљР°СЂС‚С‹ СЃРїРёСЃР°РЅРёСЏ РЅРµ СЃСѓС‰РµСЃС‚РІСѓРµС‚!
РћС€РёР±РєР° - Р”Р°РЅРЅС‹Рµ РєР°СЂС‚С‹ СЃРїРёСЃР°РЅРёСЏ РЅРµ РІРµСЂРЅС‹!
РћС€РёР±РєР° - РќРµРґРѕСЃС‚Р°С‚РѕС‡РЅРѕ СЃСЂРµРґСЃС‚РІ РЅР° РєР°СЂС‚Рµ СЃРїРёСЃР°РЅРёСЏ
РћС€РёР±РєР° - РќРµРґРѕСЃС‚Р°С‚РѕС‡РЅРѕ СЃСЂРµРґСЃС‚РІ РЅР° РєР°СЂС‚Рµ СЃРїРёСЃР°РЅРёСЏ
15:16:28 5
РљР°СЂС‚Р° СЃРїРёСЃР°РЅРёСЏ: 1111111111111111
РљР°СЂС‚Р° Р·Р°С‡РёСЃР»РµРЅРёСЏ: 2222222222222222
РЎСѓРјРјР°: 200
РљРѕРјРёСЃСЃРёСЏ: 2
15:16:28 5
РљР°СЂС‚Р° СЃРїРёСЃР°РЅРёСЏ: 1111111111111111
РљР°СЂС‚Р° Р·Р°С‡РёСЃР»РµРЅРёСЏ: 2222222222222222
РЎСѓРјРјР°: 200
РљРѕРјРёСЃСЃРёСЏ: 2
РћС€РёР±РєР° - РљР°СЂС‚С‹ СЃРїРёСЃР°РЅРёСЏ РЅРµ СЃСѓС‰РµСЃС‚РІСѓРµС‚!
РћС€РёР±РєР° - РћРїРµСЂР°С†РёСЏ РЅРµРІРѕР·РјРѕР¶РЅР° РёР·-Р·Р° РєР°СЂС‚С‹ 2222222222222222
15:16:28 5
РљР°СЂС‚Р° СЃРїРёСЃР°РЅРёСЏ: 1111111111111111
РљР°СЂС‚Р° Р·Р°С‡РёСЃР»РµРЅРёСЏ: 2222222222222222
РЎСѓРјРјР°: 200
РљРѕРјРёСЃСЃРёСЏ: 2
15:19:30 5
РљР°СЂС‚Р° СЃРїРёСЃР°РЅРёСЏ: 1111111111111111
РљР°СЂС‚Р° Р·Р°С‡РёСЃР»РµРЅРёСЏ: 2222222222222222
РЎСѓРјРјР°: 100
РљРѕРјРёСЃСЃРёСЏ: 1
15:21:00 5
РљР°СЂС‚Р° СЃРїРёСЃР°РЅРёСЏ: 1111111111111111
РљР°СЂС‚Р° Р·Р°С‡РёСЃР»РµРЅРёСЏ: 2222222222222222
РЎСѓРјРјР°: 200
РљРѕРјРёСЃСЃРёСЏ: 2
15:21:45 5
РљР°СЂС‚Р° СЃРїРёСЃР°РЅРёСЏ: 1111111111111111
РљР°СЂС‚Р° Р·Р°С‡РёСЃР»РµРЅРёСЏ: 2222222222222221
РЎСѓРјРјР°: 300
РљРѕРјРёСЃСЃРёСЏ: 3
РћС€РёР±РєР° - РљР°СЂС‚С‹ Р·Р°С‡РёСЃР»РµРЅРёСЏ РЅРµ СЃСѓС‰РµСЃС‚РІСѓРµС‚!
15:22:19 5
РљР°СЂС‚Р° СЃРїРёСЃР°РЅРёСЏ: 1111111111111112
РљР°СЂС‚Р° Р·Р°С‡РёСЃР»РµРЅРёСЏ: 2222222222222222
РЎСѓРјРјР°: 300
РљРѕРјРёСЃСЃРёСЏ: 3
РћС€РёР±РєР° - РљР°СЂС‚С‹ СЃРїРёСЃР°РЅРёСЏ РЅРµ СЃСѓС‰РµСЃС‚РІСѓРµС‚!
15:22:51 5
РљР°СЂС‚Р° СЃРїРёСЃР°РЅРёСЏ: 1111111111111111
РљР°СЂС‚Р° Р·Р°С‡РёСЃР»РµРЅРёСЏ: 2222222222222222
РЎСѓРјРјР°: 300
РљРѕРјРёСЃСЃРёСЏ: 3
РћС€РёР±РєР° - Р”Р°РЅРЅС‹Рµ РєР°СЂС‚С‹ СЃРїРёСЃР°РЅРёСЏ РЅРµ РІРµСЂРЅС‹!
15:23:09 5
РљР°СЂС‚Р° СЃРїРёСЃР°РЅРёСЏ: 1111111111111111
РљР°СЂС‚Р° Р·Р°С‡РёСЃР»РµРЅРёСЏ: 2222222222222222
РЎСѓРјРјР°: 300
РљРѕРјРёСЃСЃРёСЏ: 3
РћС€РёР±РєР° - Р”Р°РЅРЅС‹Рµ РєР°СЂС‚С‹ СЃРїРёСЃР°РЅРёСЏ РЅРµ РІРµСЂРЅС‹!
16:05:08 5
РљР°СЂС‚Р° СЃРїРёСЃР°РЅРёСЏ: 1111111111111111
РљР°СЂС‚Р° Р·Р°С‡РёСЃР»РµРЅРёСЏ: 2222222222222222
РЎСѓРјРјР°: 300
РљРѕРјРёСЃСЃРёСЏ: 3
РћС€РёР±РєР° - Р”Р°РЅРЅС‹Рµ РєР°СЂС‚С‹ СЃРїРёСЃР°РЅРёСЏ РЅРµ РІРµСЂРЅС‹!
16:05:26 5
РљР°СЂС‚Р° СЃРїРёСЃР°РЅРёСЏ: 1111111111111111
РљР°СЂС‚Р° Р·Р°С‡РёСЃР»РµРЅРёСЏ: 2222222222222222
РЎСѓРјРјР°: 300
РљРѕРјРёСЃСЃРёСЏ: 3
16:06:03 5
РљР°СЂС‚Р° СЃРїРёСЃР°РЅРёСЏ: 1111111111111111
РљР°СЂС‚Р° Р·Р°С‡РёСЃР»РµРЅРёСЏ: 2222222222222221
РЎСѓРјРјР°: 100
РљРѕРјРёСЃСЃРёСЏ: 1
РћС€РёР±РєР° - РљР°СЂС‚С‹ Р·Р°С‡РёСЃР»РµРЅРёСЏ РЅРµ СЃСѓС‰РµСЃС‚РІСѓРµС‚!
16:06:17 5
РљР°СЂС‚Р° СЃРїРёСЃР°РЅРёСЏ: 1111111111111112
РљР°СЂС‚Р° Р·Р°С‡РёСЃР»РµРЅРёСЏ: 2222222222222222
РЎСѓРјРјР°: 100
РљРѕРјРёСЃСЃРёСЏ: 1
РћС€РёР±РєР° - РљР°СЂС‚С‹ СЃРїРёСЃР°РЅРёСЏ РЅРµ СЃСѓС‰РµСЃС‚РІСѓРµС‚!
16:06:34 5
РљР°СЂС‚Р° СЃРїРёСЃР°РЅРёСЏ: 1111111111111111
РљР°СЂС‚Р° Р·Р°С‡РёСЃР»РµРЅРёСЏ: 2222222222222222
РЎСѓРјРјР°: 100
РљРѕРјРёСЃСЃРёСЏ: 1
РћС€РёР±РєР° - Р”Р°РЅРЅС‹Рµ РєР°СЂС‚С‹ СЃРїРёСЃР°РЅРёСЏ РЅРµ РІРµСЂРЅС‹!
16:06:50 5
РљР°СЂС‚Р° СЃРїРёСЃР°РЅРёСЏ: 1111111111111111
РљР°СЂС‚Р° Р·Р°С‡РёСЃР»РµРЅРёСЏ: 2222222222222222
РЎСѓРјРјР°: 100
РљРѕРјРёСЃСЃРёСЏ: 1
РћС€РёР±РєР° - Р”Р°РЅРЅС‹Рµ РєР°СЂС‚С‹ СЃРїРёСЃР°РЅРёСЏ РЅРµ РІРµСЂРЅС‹!
16:06:58 5
РљР°СЂС‚Р° СЃРїРёСЃР°РЅРёСЏ: 1111111111111111
РљР°СЂС‚Р° Р·Р°С‡РёСЃР»РµРЅРёСЏ: 2222222222222222
РЎСѓРјРјР°: 100
РљРѕРјРёСЃСЃРёСЏ: 1
16:07:25 5
РљР°СЂС‚Р° СЃРїРёСЃР°РЅРёСЏ: 1111111111111111
РљР°СЂС‚Р° Р·Р°С‡РёСЃР»РµРЅРёСЏ: 2222222222222222
РЎСѓРјРјР°: 200
РљРѕРјРёСЃСЃРёСЏ: 2
16:07:25 5
РљР°СЂС‚Р° СЃРїРёСЃР°РЅРёСЏ: 1111111111111111
РљР°СЂС‚Р° Р·Р°С‡РёСЃР»РµРЅРёСЏ: 2222222222222222
РЎСѓРјРјР°: 200
РљРѕРјРёСЃСЃРёСЏ: 2
РћС€РёР±РєР° - РљР°СЂС‚С‹ Р·Р°С‡РёСЃР»РµРЅРёСЏ РЅРµ СЃСѓС‰РµСЃС‚РІСѓРµС‚!
РћС€РёР±РєР° - РљР°СЂС‚С‹ Р·Р°С‡РёСЃР»РµРЅРёСЏ РЅРµ СЃСѓС‰РµСЃС‚РІСѓРµС‚!
РћС€РёР±РєР° - Р”Р°РЅРЅС‹Рµ РєР°СЂС‚С‹ СЃРїРёСЃР°РЅРёСЏ РЅРµ РІРµСЂРЅС‹!
РћС€РёР±РєР° - РљР°СЂС‚С‹ СЃРїРёСЃР°РЅРёСЏ РЅРµ СЃСѓС‰РµСЃС‚РІСѓРµС‚!
РћС€РёР±РєР° - Р”Р°РЅРЅС‹Рµ РєР°СЂС‚С‹ СЃРїРёСЃР°РЅРёСЏ РЅРµ РІРµСЂРЅС‹!
РћС€РёР±РєР° - РќРµРґРѕСЃС‚Р°С‚РѕС‡РЅРѕ СЃСЂРµРґСЃС‚РІ РЅР° РєР°СЂС‚Рµ СЃРїРёСЃР°РЅРёСЏ
РћС€РёР±РєР° - РќРµРґРѕСЃС‚Р°С‚РѕС‡РЅРѕ СЃСЂРµРґСЃС‚РІ РЅР° РєР°СЂС‚Рµ СЃРїРёСЃР°РЅРёСЏ
16:07:25 5
РљР°СЂС‚Р° СЃРїРёСЃР°РЅРёСЏ: 1111111111111111
РљР°СЂС‚Р° Р·Р°С‡РёСЃР»РµРЅРёСЏ: 2222222222222222
РЎСѓРјРјР°: 200
РљРѕРјРёСЃСЃРёСЏ: 2
16:07:25 5
РљР°СЂС‚Р° СЃРїРёСЃР°РЅРёСЏ: 1111111111111111
РљР°СЂС‚Р° Р·Р°С‡РёСЃР»РµРЅРёСЏ: 2222222222222222
РЎСѓРјРјР°: 200
РљРѕРјРёСЃСЃРёСЏ: 2
РћС€РёР±РєР° - РљР°СЂС‚С‹ СЃРїРёСЃР°РЅРёСЏ РЅРµ СЃСѓС‰РµСЃС‚РІСѓРµС‚!
РћС€РёР±РєР° - РћРїРµСЂР°С†РёСЏ РЅРµРІРѕР·РјРѕР¶РЅР° РёР·-Р·Р° РєР°СЂС‚С‹ 2222222222222222
16:07:25 5
РљР°СЂС‚Р° СЃРїРёСЃР°РЅРёСЏ: 1111111111111111
РљР°СЂС‚Р° Р·Р°С‡РёСЃР»РµРЅРёСЏ: 2222222222222222
РЎСѓРјРјР°: 200
РљРѕРјРёСЃСЃРёСЏ: 2
16:08:37 2
Карта списания: 1111111111111111
Карта зачисления: 2222222222222222
Сумма: 200
Комиссия: 2
16:08:37 2
Карта списания: 1111111111111111
Карта зачисления: 2222222222222222
Сумма: 200
Комиссия: 2
Ошибка - Карты зачисления не существует!
Ошибка - Карты зачисления не существует!
Ошибка - Данные карты списания не верны!
Ошибка - Карты списания не существует!
Ошибка - Данные карты списания не верны!
Ошибка - Недостаточно средств на карте списания
Ошибка - Недостаточно средств на карте списания
16:08:37 2
Карта списания: 1111111111111111
Карта зачисления: 2222222222222222
Сумма: 200
Комиссия: 2
16:08:37 2
Карта списания: 1111111111111111
Карта зачисления: 2222222222222222
Сумма: 200
Комиссия: 2
Ошибка - Карты списания не существует!
Ошибка - Операция невозможна из-за карты 2222222222222222
16:08:37 2
Карта списания: 1111111111111111
Карта зачисления: 2222222222222222
Сумма: 200
Комиссия: 2
16:09:40 2
Карта списания: 1111111111111111
Карта зачисления: 2222222222222222
Сумма: 200
Комиссия: 2
16:09:40 2
Карта списания: 1111111111111111
Карта зачисления: 2222222222222222
Сумма: 200
Комиссия: 2
Ошибка - Карты зачисления не существует!
Ошибка - Карты зачисления не существует!
Ошибка - Данные карты списания не верны!
Ошибка - Карты списания не существует!
Ошибка - Данные карты списания не верны!
Ошибка - Недостаточно средств на карте списания
Ошибка - Недостаточно средств на карте списания
16:09:40 2
Карта списания: 1111111111111111
Карта зачисления: 2222222222222222
Сумма: 200
Комиссия: 2
16:09:40 2
Карта списания: 1111111111111111
Карта зачисления: 2222222222222222
Сумма: 200
Комиссия: 2
Ошибка - Карты списания не существует!
Ошибка - Операция невозможна из-за карты 2222222222222222
16:09:40 2
Карта списания: 1111111111111111
Карта зачисления: 2222222222222222
Сумма: 200
Комиссия: 2
